Vin: [LSVNV2182E0541655][1694043155000]:DSKQ:-14715,WNHB:-18823,FWKW:20155.05189745686,LMLK:5453215.959271604,UZSV:I=]Q=Qs;,kco!6,,
Vin: [LSVNV2182E0541655][1694043156000]:DSKQ:-14715,WNHB:-20823,FWKW:20155.051963177233,LMLK:5453045.433761626,UZSV:kY/gQc;QE6Us]QU,
Vin: [LSVNV2182E0541655][1694043157000]:DSKQ:-14715,WNHB:-18199,FWKW:20155.052030983963,LMLK:5453059.080316978,UZSV:Ys]cc=;QM/IEYkk,
Vin: [LSVNV2182E0541655][1694043158000]:DSKQ:-14715,WNHB:-14855,FWKW:20155.05210087705,LMLK:5452960.136773805,UZSV:(=(EMgYQI(Qws/(,
Vin: [LSVNV2182E0541655][1694043159000]:DSKQ:-14715,WNHB:-22183,FWKW:20155.05217285649,LMLK:5452975.515623287,UZSV:EUggg2gw;o;EUo=,
Vin: [LSVNV2182E0541655][1694043160000]:DSKQ:-14715,WNHB:-18247,FWKW:20155.05224692228,LMLK:5453467.868200729,UZSV:!k/EMkMg!oc2kIo,
Vin: [LSVNV2182E0541655][1694043161000]:DSKQ:-14715,WNHB:-22519,FWKW:20155.05232307443,LMLK:5453445.426037088,UZSV:k(U2,Ag=,soQo!,,
Vin: [LSVNV2182E0541655][1694043162000]:DSKQ:-14715,WNHB:-16183,FWKW:20155.052401312932,LMLK:5453346.772298716,UZSV:=w%2gsQo2,wQo;A,
Vin: [LSVNV2182E0541655][1694043163000]:DSKQ:-14715,WNHB:-13431,FWKW:20155.052481637784,LMLK:5453324.310470623,UZSV:QcQ/;!E2!skY%6M,
Vin: [LSVNV2182E0541655][1694043164000]:DSKQ:-14715,WNHB:-17975,FWKW:20155.052564048987,LMLK:5453225.098449093,UZSV:MskkkI!ksY;YkIc,
Vin: [LSVNV2182E0541655][1694043165000]:DSKQ:-14715,WNHB:-12855,FWKW:20155.052648546545,LMLK:5453201.4992616335,UZSV:U,c(c]UIAQ;(Y22,
Vin: [LSVNV2182E0541655][1694043166000]:DSKQ:-14715,WNHB:-20087,FWKW:20155.052735130448,LMLK:5453179.066053027,UZSV:UII=Us;=6Q2=;,o,
Vin: [LSVNV2182E0541655][1694043167000]:DSKQ:-14715,WNHB:-20487,FWKW:20155.052823800706,LMLK:5453080.402268186,UZSV:%!w=g6!o(6M(U6],
Vin: [LSVNV2182E0541655][1694043168000]:DSKQ:-14715,WNHB:-13479,FWKW:20155.05291455731,LMLK:5453630.499030315,UZSV:Mw2=U!(M,]oo=EY,
Vin: [LSVNV2182E0541655][1694043169000]:DSKQ:-14715,WNHB:-16887,FWKW:20155.053007400264,LMLK:5452941.4232991645,UZSV:2s!kIII;6=!sA!g,
Vin: [LSVNV2182E0541655][1694043170000]:DSKQ:-14715,WNHB:-17143,FWKW:20155.053102329563,LMLK:5452955.656260459,UZSV:(co6!2!I%QEc!,c,
Vin: [LSVNV2182E0541655][1694043171000]:DSKQ:-14715,WNHB:-18999,FWKW:20155.053199345213,LMLK:5452857.281183345,UZSV:!I,=(s22gA=Qg=s,
Vin: [LSVNV2182E0541655][1694043172000]:DSKQ:-14715,WNHB:-13543,FWKW:20155.053298447205,LMLK:5452834.57731132,UZSV:6Y2UY;,k262Qc/=,
Vin: [LSVNV2182E0541655][1694043173000]:DSKQ:-14715,WNHB:-16887,FWKW:20155.053399635544,LMLK:5452699.825867111,UZSV:;s%Qo662ookwc%k,
Vin: [LSVNV2182E0541655][1694043174000]:DSKQ:-14715,WNHB:-15415,FWKW:20155.05350291023,LMLK:5452748.701845116,UZSV:=I2!(]ww2s2;]gE,
Vin: [LSVNV2182E0541655][1694043175000]:DSKQ:-14715,WNHB:-14519,FWKW:20155.053608271257,LMLK:5452578.440163665,UZSV:!U,UsM=IgE6w/(=,
Vin: [LSVNV2182E0541655][1694043176000]:DSKQ:-14715,WNHB:-16935,FWKW:20155.053715718626,LMLK:5452590.668014215,UZSV:ck](Y,2s]E(Uc/2,
Vin: [LSVNV2182E0541655][1694043177000]:DSKQ:-14715,WNHB:-15111,FWKW:20155.05382525234,LMLK:5452568.225854911,UZSV:,2Mw]wwsA,,w%MY,
Vin: [LSVNV2182E0541655][1694043178000]:DSKQ:-14715,WNHB:-15751,FWKW:20155.053936872395,LMLK:5453061.443998531,UZSV:2oUIE,]2=I2%!(s,
Vin: [LSVNV2182E0541655][1694043179000]:DSKQ:-14715,WNHB:-20055,FWKW:20155.05405057879,LMLK:5453039.001838122,UZSV:/Q!6o2QEc!U2Uc],
Vin: [LSVNV2182E0541655][1694043180000]:DSKQ:-14715,WNHB:-22151,FWKW:20155.054166371523,LMLK:5452940.076339396,UZSV:Q!,!swYE!Y]oc=M,
Vin: [LSVNV2182E0541655][1694043181000]:DSKQ:-14715,WNHB:-17607,FWKW:20155.0542842506,LMLK:5452990.677806516,UZSV:EwAg6=kQo!;U2UQ,
Vin: [LSVNV2182E0541655][1694043182000]:DSKQ:-14715,WNHB:-16135,FWKW:20155.05440421601,LMLK:5453392.934822233,UZSV:wMo%wc%koAI%/M!,
Vin: [LSVNV2182E0541655][1694043183000]:DSKQ:-14715,WNHB:-15239,FWKW:20155.05452626776,LMLK:5453441.804029364,UZSV:kYUk!cA=6MMUkYo,
Vin: [LSVNV2182E0541655][1694043184000]:DSKQ:-14715,WNHB:-21639,FWKW:20155.054650405844,LMLK:5453275.754550733,UZSV:(s22U(c,IAQgQsw,
Vin: [LSVNV2182E0541655][1694043185000]:DSKQ:-14715,WNHB:-19527,FWKW:20155.054776630262,LMLK:5453325.198992667,UZSV:=2%Y%U!Ec/2I(6s,
Vin: [LSVNV2182E0541655][1694043186000]:DSKQ:-14715,WNHB:-19783,FWKW:20155.05490494102,LMLK:5453265.52219444,UZSV://sgc%M=!g=so;o,
Vin: [LSVNV2182E0541655][1694043187000]:DSKQ:-14715,WNHB:-13511,FWKW:20155.055035338104,LMLK:5452575.58033329,UZSV:2;,o(A]!Uo!,%!;,
Vin: [LSVNV2182E0541655][1694043188000]:DSKQ:-14715,WNHB:-16183,FWKW:20155.055167821523,LMLK:5452553.742589125,UZSV:],6IEc!YY=g6U,,,
Vin: [LSVNV2182E0541655][1694043189000]:DSKQ:-14715,WNHB:-12935,FWKW:20155.055302391273,LMLK:5452455.078804285,UZSV:6wUI;QQ;kM;2Y66,
Vin: [LSVNV2182E0541655][1694043190000]:DSKQ:-14715,WNHB:-20167,FWKW:20155.055439047355,LMLK:5452468.445635447,UZSV:6w]/Iw]Ec/26Q/6,
Vin: [LSVNV2182E0541655][1694043191000]:DSKQ:-14715,WNHB:-18695,FWKW:20155.055577789764,LMLK:5452298.181768936,UZSV:%/sg%%!2YEc]E(s,
Vin: [LSVNV2182E0541655][1694043192000]:DSKQ:-14715,WNHB:-13559,FWKW:20155.055718618503,LMLK:5452383.744146206,UZSV:YYg/IAA,(Io/=Ic,
Vin: [LSVNV2182E0541655][1694043193000]:DSKQ:-14715,WNHB:-20487,FWKW:20155.05586153357,LMLK:5452213.462799075,UZSV:(Io2(QEYoUw,]!,,
Vin: [LSVNV2182E0541655][1694043195000]:DSKQ:-14715,WNHB:-22391,FWKW:20155.056153622674,LMLK:5452683.64497323,UZSV:(QYg]MsQ(Mw,/6A,
Vin: [LSVNV2182E0541655][1694043194000]:DSKQ:-14715,WNHB:-19959,FWKW:20155.05600653496,LMLK:5452262.339868646,UZSV:6%Eo!%Y=c=%IE](,
Vin: [LSVNV2182E0541655][1694043196000]:DSKQ:-14715,WNHB:-14487,FWKW:20155.056302796715,LMLK:5452732.538993547,UZSV:=k=kEgAQ]A2g,MM,
Vin: [LSVNV2182E0541655][1694043197000]:DSKQ:-14715,WNHB:-21863,FWKW:20155.056454057078,LMLK:5453246.808685658,UZSV:!E!g;]A;UgQssgc,
Vin: [LSVNV2182E0541655][1694043198000]:DSKQ:-14715,WNHB:-18423,FWKW:20155.05660740376,LMLK:5453112.065171001,UZSV:oQQ,QcY2sU!2UYY,
Vin: [LSVNV2182E0541655][1694043199000]:DSKQ:-14715,WNHB:-15847,FWKW:20155.056762836764,LMLK:5453161.5117319785,UZSV:Qg;k,gQwM=/sokA,
Vin: [LSVNV2182E0541655][1694043200000]:DSKQ:-14715,WNHB:-21815,FWKW:20155.056920356084,LMLK:5452990.986221995,UZSV:g(!,;gMsU;w,MI,,
Vin: [LSVNV2182E0541655][1694043201000]:DSKQ:-14715,WNHB:-20375,FWKW:20155.057079961727,LMLK:5453040.144070709,UZSV:6cIg2Ms;=%];(!,,
Vin: [LSVNV2182E0541655][1694043202000]:DSKQ:-14715,WNHB:-21831,FWKW:20155.05724165368,LMLK:5452869.311808557,UZSV:/kw(6/EoA,MwAY/,
Vin: [LSVNV2182E0541655][1694043203000]:DSKQ:-14715,WNHB:-14359,FWKW:20155.057405431955,LMLK:5452955.424537027,UZSV:M(2k6sI!A;I;%A6,
Vin: [LSVNV2182E0541655][1694043204000]:DSKQ:-14715,WNHB:-18231,FWKW:20155.057571296544,LMLK:5452193.909663008,UZSV:]g!6,%2;%!!!62s,
Vin: [LSVNV2182E0541655][1694043205000]:DSKQ:-14715,WNHB:-15319,FWKW:20155.05773924744,LMLK:5452243.066419324,UZSV:As,cUYkwMYgYM%6,
Vin: [LSVNV2182E0541655][1694043206000]:DSKQ:-14715,WNHB:-22455,FWKW:20155.057909284653,LMLK:5452108.325089728,UZSV:Y%o62=k=g(;U/!U,
Vin: [LSVNV2182E0541655][1694043207000]:DSKQ:-14715,WNHB:-20263,FWKW:20155.058081408173,LMLK:5452086.7642865935,UZSV:;gsM=;;I%A6;s;I,
Vin: [LSVNV2182E0541655][1694043208000]:DSKQ:-14715,WNHB:-16807,FWKW:20155.058255618005,LMLK:5452098.70568049,UZSV:AoM/MM2(6%Usog,,
Vin: [LSVNV2182E0541655][1694043209000]:DSKQ:-14715,WNHB:-16663,FWKW:20155.05843191414,LMLK:5451928.730457694,UZSV:(26%!62k2c;E/,o,
Vin: [LSVNV2182E0541655][1694043210000]:DSKQ:-14715,WNHB:-14247,FWKW:20155.058610296586,LMLK:5451977.6086837435,UZSV:ck/U!6]cU2/Io/],
Vin: [LSVNV2182E0541655][1694043211000]:DSKQ:-14715,WNHB:-19847,FWKW:20155.05879076534,LMLK:5452379.856675106,UZSV:kIEko(2kY(E;;wo,
Vin: [LSVNV2182E0541655][1694043212000]:DSKQ:-14715,WNHB:-20647,FWKW:20155.058973320392,LMLK:5452428.7529509,UZSV:;gMIYIY(IEw=,c6,
Vin: [LSVNV2182E0541655][1694043213000]:DSKQ:-14715,WNHB:-19271,FWKW:20155.059157961747,LMLK:5452849.767092279,UZSV:%AQ;AI(;ockYos;,
Vin: [LSVNV2182E0541655][1694043214000]:DSKQ:-14715,WNHB:-18279,FWKW:20155.0593446894,LMLK:5452900.088873619,UZSV:kI6M2o%Y]U(=;gE,
Vin: [LSVNV2182E0541655][1694043216000]:DSKQ:-14715,WNHB:-17687,FWKW:20155.05972440361,LMLK:5452784.061254916,UZSV:%s!skM(]6cM]Uc/,
Vin: [LSVNV2182E0541655][1694043215000]:DSKQ:-14715,WNHB:-13255,FWKW:20155.059533503358,LMLK:5452801.425018361,UZSV:,c!,Eo,!6(6kkw2,
Vin: [LSVNV2182E0541655][1694043217000]:DSKQ:-14715,WNHB:-18119,FWKW:20155.05991739016,LMLK:5452685.39958672,UZSV:/QE!Q%g6/kMY2=Y,
Vin: [LSVNV2182E0541655][1694043218000]:DSKQ:-14715,WNHB:-17703,FWKW:20155.060112463005,LMLK:5452662.964261474,UZSV:6/wcAE!=/go%I6Q,
Vin: [LSVNV2182E0541655][1694043219000]:DSKQ:-14715,WNHB:-15751,FWKW:20155.060309622146,LMLK:5452675.167232557,UZSV:((Y%UUw/QA,kY]w,
Vin: [LSVNV2182E0541655][1694043220000]:DSKQ:-14715,WNHB:-14103,FWKW:20155.060508867577,LMLK:5452504.641722578,UZSV:UU!E2g,Y]w]o%!w,
Vin: [LSVNV2182E0541655][1694043221000]:DSKQ:-14715,WNHB:-13303,FWKW:20155.060710199297,LMLK:5452553.510861427,UZSV:kYo2MoEkcA(c6E],
Vin: [LSVNV2182E0541655][1694043222000]:DSKQ:-14715,WNHB:-17127,FWKW:20155.060913617308,LMLK:5451791.671752475,UZSV:Q!]2IAgYU];=]o;,
Vin: [LSVNV2182E0541655][1694043223000]:DSKQ:-14715,WNHB:-12679,FWKW:20155.061119121605,LMLK:5451805.31827155,UZSV:gAEAsIck!;=!E=U,
