Vin:[LSVNV2182E0541657][1694043124000]:KFGP:-14754		ZZBE:-16369		HJPZ:-13034		JDOE:-7109		KWET:18863		WNHB:-12795		ENVH:1051626	CSRC:7309256		GONE:5114501		BZPV:2211405
Vin:[LSVNV2182E0541657][1694043125000]:KFGP:-16530		ZZBE:-24497		HJPZ:-16162		JDOE:-7237		KWET:19087		WNHB:-20923		ENVH:1159850	CSRC:917480		    GONE:206373	    	BZPV:43303277
Vin:[LSVNV2182E0541657][1694043126000]:KFGP:-16338		ZZBE:-17953		HJPZ:-14618		JDOE:-6693		KWET:20279		WNHB:-14379		ENVH:840042		CSRC:8597672		GONE:402917		    BZPV:43499821
Vin:[LSVNV2182E0541657][1694043127000]:KFGP:-17362		ZZBE:-18977		HJPZ:-15642		JDOE:-5717		KWET:18607		WNHB:-15403		ENVH:559018		CSRC:2816648		GONE:4621893		BZPV:47718797		
Vin:[LSVNV2182E0541657][1694043128000]:KFGP:-10002		ZZBE:-17969		HJPZ:-14634		JDOE:-6709		KWET:18615		WNHB:-14395		ENVH:466378		CSRC:7707656		GONE:5512901		BZPV:32609805		
Vin:[LSVNV2182E0541657][1694043129000]:KFGP:-11186		ZZBE:-22801		HJPZ:-14466		JDOE:-7541		KWET:18431		WNHB:-19227		ENVH:145194		CSRC:6902824		GONE:2708069		BZPV:1804973		
Vin:[LSVNV2182E0541657][1694043130000]:KFGP:-15346		ZZBE:-16961		HJPZ:-13626		JDOE:-5701		KWET:19271		WNHB:-13387		ENVH:41034		CSRC:1298664		GONE:1103909		BZPV:16200813		
Vin:[LSVNV2182E0541657][1694043131000]:KFGP:-11826		ZZBE:-23441		HJPZ:-15106		JDOE:-6181		KWET:19791		WNHB:-19867		ENVH:1484554	CSRC:5242184		GONE:1047429		BZPV:40144333
Vin:[LSVNV2182E0541657][1694043132000]:KFGP:-10242		ZZBE:-21857		HJPZ:-13522		JDOE:-6597		KWET:20375		WNHB:-18283		ENVH:996138		CSRC:2253768		GONE:2059013		BZPV:7155917		
Vin:[LSVNV2182E0541657][1694043133000]:KFGP:-12594		ZZBE:-20561		HJPZ:-17226		JDOE:-7301		KWET:20023		WNHB:-16987		ENVH:983786		CSRC:1225064		GONE:3030309		BZPV:16127213		
Vin:[LSVNV2182E0541657][1694043134000]:KFGP:-12306		ZZBE:-23921		HJPZ:-16938		JDOE:-6661		KWET:19311		WNHB:-16699		ENVH:1304074	CSRC:6561704		GONE:1850597		BZPV:41463853
Vin:[LSVNV2182E0541657][1694043135000]:KFGP:-12994		ZZBE:-24609		HJPZ:-16274		JDOE:-7349		KWET:19623		WNHB:-21035		ENVH:773386		CSRC:5531016		GONE:3336261		BZPV:433165		
Vin:[LSVNV2182E0541657][1694043136000]:KFGP:-17730		ZZBE:-19345		HJPZ:-16010		JDOE:-6085		KWET:20887		WNHB:-22123		ENVH:588650		CSRC:5846280		GONE:1651525		BZPV:30748429		
Vin:[LSVNV2182E0541657][1694043137000]:KFGP:-10114		ZZBE:-21729		HJPZ:-14746		JDOE:-6469		KWET:19503		WNHB:-14507		ENVH:536266		CSRC:2793896		GONE:4082789		BZPV:17696045		
Vin:[LSVNV2182E0541657][1694043138000]:KFGP:-9138		ZZBE:-20753		HJPZ:-17418		JDOE:-7493		KWET:19479		WNHB:-13531		ENVH:107242		CSRC:6864872		GONE:2670117		BZPV:21767021		
Vin:[LSVNV2182E0541657][1694043139000]:KFGP:-9554		ZZBE:-21169		HJPZ:-14186		JDOE:-5909		KWET:18063		WNHB:-13947		ENVH:306826		CSRC:4064456		GONE:5353349		BZPV:8966605		
Vin:[LSVNV2182E0541657][1694043140000]:KFGP:-10082		ZZBE:-21697		HJPZ:-13362		JDOE:-6437		KWET:19535		WNHB:-18123		ENVH:1316298	CSRC:8073928		GONE:3879173		BZPV:12976077
Vin:[LSVNV2182E0541657][1694043141000]:KFGP:-17298		ZZBE:-18913		HJPZ:-15578		JDOE:-7653		KWET:18319		WNHB:-21691		ENVH:979082		CSRC:9236712		GONE:5041957		BZPV:14138861		
Vin:[LSVNV2182E0541657][1694043142000]:KFGP:-13602		ZZBE:-15217		HJPZ:-13234		JDOE:-5957		KWET:18015		WNHB:-17995		ENVH:1032778	CSRC:9290408		GONE:4579301		BZPV:14192557
Vin:[LSVNV2182E0541657][1694043143000]:KFGP:-16738		ZZBE:-18353		HJPZ:-15018		JDOE:-7093		KWET:19879		WNHB:-21131		ENVH:749642		CSRC:507272		    GONE:312517		    BZPV:5409421
Vin:[LSVNV2182E0541657][1694043144000]:KFGP:-11538		ZZBE:-23153		HJPZ:-14818		JDOE:-5893		KWET:18079		WNHB:-15931		ENVH:864842		CSRC:622472		    GONE:5911365		BZPV:5524621
Vin:[LSVNV2182E0541657][1694043145000]:KFGP:-13090		ZZBE:-14705		HJPZ:-17722		JDOE:-5797		KWET:19527		WNHB:-17483		ENVH:1433290	CSRC:5690920		GONE:4979813		BZPV:20593069
Vin:[LSVNV2182E0541657][1694043146000]:KFGP:-12690		ZZBE:-24305		HJPZ:-15970		JDOE:-7045		KWET:18927		WNHB:-17083		ENVH:883690		CSRC:7641320		GONE:3446565		BZPV:42543469		
Vin:[LSVNV2182E0541657][1694043147000]:KFGP:-16658		ZZBE:-18273		HJPZ:-16290		JDOE:-7013		KWET:18959		WNHB:-21051		ENVH:1219722	CSRC:6977352		GONE:266245		    BZPV:11879501
Vin:[LSVNV2182E0541657][1694043148000]:KFGP:-17762		ZZBE:-19377		HJPZ:-16042		JDOE:-6117		KWET:19855		WNHB:-15803		ENVH:608618		CSRC:8866248		GONE:4671493		BZPV:33768397		
Vin:[LSVNV2182E0541657][1694043149000]:KFGP:-9346		ZZBE:-20961		HJPZ:-17626		JDOE:-5701		KWET:20271		WNHB:-13739		ENVH:1077034	CSRC:4834664		GONE:639909		    BZPV:19736813
Vin:[LSVNV2182E0541657][1694043150000]:KFGP:-13778		ZZBE:-15393		HJPZ:-13410		JDOE:-6133		KWET:19839		WNHB:-18171		ENVH:662602		CSRC:2920232		GONE:4209125		BZPV:17822381		
Vin:[LSVNV2182E0541657][1694043151000]:KFGP:-9026		ZZBE:-16993		HJPZ:-13658		JDOE:-5733		KWET:18591		WNHB:-13419		ENVH:577354		CSRC:1818632		GONE:5623877		BZPV:16720781		
Vin:[LSVNV2182E0541657][1694043152000]:KFGP:-9602		ZZBE:-21217		HJPZ:-17882		JDOE:-5957		KWET:20015		WNHB:-17643		ENVH:296778		CSRC:4054408		GONE:5859653		BZPV:48956557		
Vin:[LSVNV2182E0541657][1694043153000]:KFGP:-10114		ZZBE:-21729		HJPZ:-13394		JDOE:-6469		KWET:18503		WNHB:-18155		ENVH:1276266	CSRC:9033896		GONE:839141		    BZPV:33936045
Vin:[LSVNV2182E0541657][1694043154000]:KFGP:-14658		ZZBE:-22625		HJPZ:-14290		JDOE:-7365		KWET:18959		WNHB:-19051		ENVH:331722		CSRC:5073000		GONE:878245		    BZPV:39975149
Vin:[LSVNV2182E0541657][1694043155000]:KFGP:-9554		ZZBE:-21169		HJPZ:-17834		JDOE:-5909		KWET:20063		WNHB:-17595		ENVH:1046826	CSRC:304456		    GONE:2109701		BZPV:25206605
Vin:[LSVNV2182E0541657][1694043156000]:KFGP:-13730		ZZBE:-21697		HJPZ:-13362		JDOE:-6437		KWET:18887		WNHB:-18123		ENVH:1072650	CSRC:6830280		GONE:119173		    BZPV:29216077
Vin:[LSVNV2182E0541657][1694043157000]:KFGP:-11234		ZZBE:-22849		HJPZ:-15866		JDOE:-7589		KWET:19383		WNHB:-15627		ENVH:875146		CSRC:9132776		GONE:4421669		BZPV:24034925		
Vin:[LSVNV2182E0541657][1694043158000]:KFGP:-11058		ZZBE:-22673		HJPZ:-15690		JDOE:-5765		KWET:20559		WNHB:-15451		ENVH:585322		CSRC:6342952		GONE:5631845		BZPV:41245101		
Vin:[LSVNV2182E0541657][1694043159000]:KFGP:-16546		ZZBE:-18161		HJPZ:-14826		JDOE:-6901		KWET:20071		WNHB:-20939		ENVH:629834		CSRC:387464		    GONE:192709		    BZPV:15289613
Vin:[LSVNV2182E0541657][1694043160000]:KFGP:-8994		ZZBE:-20609		HJPZ:-13626		JDOE:-7349		KWET:20623		WNHB:-13387		ENVH:417386		CSRC:7675016		GONE:963909		    BZPV:32577165
Vin:[LSVNV2182E0541657][1694043161000]:KFGP:-9410		ZZBE:-17377		HJPZ:-14042		JDOE:-6117		KWET:20207		WNHB:-13803		ENVH:1376970	CSRC:5634600		GONE:4923493		BZPV:28020397
Vin:[LSVNV2182E0541657][1694043162000]:KFGP:-8866		ZZBE:-20481		HJPZ:-17146		JDOE:-7221		KWET:18751		WNHB:-16907		ENVH:1117514	CSRC:6375144		GONE:2180389		BZPV:31277293
Vin:[LSVNV2182E0541657][1694043163000]:KFGP:-11346		ZZBE:-22961		HJPZ:-15978		JDOE:-5701		KWET:20271		WNHB:-15739		ENVH:1485034	CSRC:9742664		GONE:5031557		BZPV:4644813
Vin:[LSVNV2182E0541657][1694043164000]:KFGP:-14418		ZZBE:-16033		HJPZ:-17698		JDOE:-6773		KWET:20199		WNHB:-18811		ENVH:1361962	CSRC:619592		    GONE:2424837		BZPV:15521741
Vin:[LSVNV2182E0541657][1694043165000]:KFGP:-9426		ZZBE:-21041		HJPZ:-17706		JDOE:-5781		KWET:20191		WNHB:-17467		ENVH:806954		CSRC:4564584		GONE:369829		    BZPV:19466733
Vin:[LSVNV2182E0541657][1694043166000]:KFGP:-13954		ZZBE:-15569		HJPZ:-17234		JDOE:-6309		KWET:18663		WNHB:-21995		ENVH:412426		CSRC:9670056		GONE:1475301		BZPV:4572205		
Vin:[LSVNV2182E0541657][1694043167000]:KFGP:-12514		ZZBE:-20481		HJPZ:-17146		JDOE:-7221		KWET:19103		WNHB:-16907		ENVH:1093866	CSRC:5835144		GONE:1640389		BZPV:10737293
Vin:[LSVNV2182E0541657][1694043168000]:KFGP:-16018		ZZBE:-17633		HJPZ:-14298		JDOE:-6373		KWET:19599		WNHB:-14059		ENVH:260362		CSRC:1017992		GONE:2823237		BZPV:45920141		
Vin:[LSVNV2182E0541657][1694043169000]:KFGP:-17730		ZZBE:-19345		HJPZ:-16010		JDOE:-6085		KWET:19887		WNHB:-22123		ENVH:308650		CSRC:3066280		GONE:2871525		BZPV:27968429		
Vin:[LSVNV2182E0541657][1694043170000]:KFGP:-17426		ZZBE:-19041		HJPZ:-15706		JDOE:-5781		KWET:18191		WNHB:-15467		ENVH:1278954	CSRC:2036584		GONE:3841829		BZPV:36938733
Vin:[LSVNV2182E0541657][1694043171000]:KFGP:-15298		ZZBE:-16913		HJPZ:-13578		JDOE:-7653		KWET:18319		WNHB:-13339		ENVH:1111082	CSRC:2368712		GONE:2173957		BZPV:17270861
Vin:[LSVNV2182E0541657][1694043172000]:KFGP:-12018		ZZBE:-19985		HJPZ:-16650		JDOE:-6725		KWET:18599		WNHB:-16411		ENVH:988010		CSRC:3245640		GONE:5050885		BZPV:28147789		
Vin:[LSVNV2182E0541657][1694043173000]:KFGP:-15490		ZZBE:-17105		HJPZ:-13770		JDOE:-5845		KWET:18127		WNHB:-13531		ENVH:630890		CSRC:7388520		GONE:3193765		BZPV:42290669		
Vin:[LSVNV2182E0541657][1694043174000]:KFGP:-11314		ZZBE:-22929		HJPZ:-14594		JDOE:-5669		KWET:20303		WNHB:-15707		ENVH:825066		CSRC:6582696		GONE:387941		    BZPV:11484845
Vin:[LSVNV2182E0541657][1694043175000]:KFGP:-14930		ZZBE:-16545		HJPZ:-13210		JDOE:-7285		KWET:19687		WNHB:-12971		ENVH:401450		CSRC:8659080		GONE:4464325		BZPV:33561229		
Vin:[LSVNV2182E0541657][1694043176000]:KFGP:-17378		ZZBE:-18993		HJPZ:-15658		JDOE:-5733		KWET:20239		WNHB:-15419		ENVH:189002		CSRC:5946632		GONE:5751877		BZPV:848781		
Vin:[LSVNV2182E0541657][1694043177000]:KFGP:-18050		ZZBE:-19665		HJPZ:-16330		JDOE:-6405		KWET:20567		WNHB:-22443		ENVH:648330		CSRC:7905960		GONE:1711205		BZPV:2808109		
Vin:[LSVNV2182E0541657][1694043178000]:KFGP:-11778		ZZBE:-23393		HJPZ:-16410		JDOE:-6133		KWET:20839		WNHB:-16171		ENVH:774602		CSRC:2032232		GONE:1321125		BZPV:36934381		
Vin:[LSVNV2182E0541657][1694043179000]:KFGP:-11458		ZZBE:-19425		HJPZ:-16090		JDOE:-6165		KWET:19159		WNHB:-15851		ENVH:874922		CSRC:2132552		GONE:1421445		BZPV:34518349		
Vin:[LSVNV2182E0541657][1694043180000]:KFGP:-15106		ZZBE:-16721		HJPZ:-13386		JDOE:-7461		KWET:20511		WNHB:-19499		ENVH:531274		CSRC:3288904		GONE:3094149		BZPV:28191053		
Vin:[LSVNV2182E0541657][1694043181000]:KFGP:-13714		ZZBE:-15329		HJPZ:-16994		JDOE:-6069		KWET:20903		WNHB:-21755		ENVH:1482666	CSRC:5240296		GONE:1045541		BZPV:142445
Vin:[LSVNV2182E0541657][1694043182000]:KFGP:-16514		ZZBE:-18129		HJPZ:-14794		JDOE:-6869		KWET:19103		WNHB:-20907		ENVH:49866		CSRC:4307496		GONE:4112741		BZPV:19209645		
Vin:[LSVNV2182E0541657][1694043183000]:KFGP:-17106		ZZBE:-18721		HJPZ:-15386		JDOE:-7461		KWET:20511		WNHB:-15147		ENVH:999274		CSRC:6256904		GONE:2062149		BZPV:41159053		
Vin:[LSVNV2182E0541657][1694043184000]:KFGP:-16562		ZZBE:-24529		HJPZ:-16194		JDOE:-7269		KWET:19055		WNHB:-20955		ENVH:79818		CSRC:5837448		GONE:5126341		BZPV:20739597		
Vin:[LSVNV2182E0541657][1694043185000]:KFGP:-9426		ZZBE:-17393		HJPZ:-14058		JDOE:-6133		KWET:20191		WNHB:-13819		ENVH:1286954	CSRC:3528232		GONE:3333477		BZPV:48430381
Vin:[LSVNV2182E0541657][1694043186000]:KFGP:-16098		ZZBE:-17713		HJPZ:-15730		JDOE:-6453		KWET:20519		WNHB:-20491		ENVH:630282		CSRC:4887912		GONE:4176805		BZPV:9790061		
Vin:[LSVNV2182E0541657][1694043187000]:KFGP:-12818		ZZBE:-20785		HJPZ:-17450		JDOE:-7525		KWET:19799		WNHB:-17211		ENVH:803562		CSRC:7061192		GONE:4350085		BZPV:39446989		
Vin:[LSVNV2182E0541657][1694043188000]:KFGP:-17042		ZZBE:-18657		HJPZ:-16674		JDOE:-7397		KWET:20575		WNHB:-21435		ENVH:339338		CSRC:6096968		GONE:5385861		BZPV:999117		
Vin:[LSVNV2182E0541657][1694043189000]:KFGP:-16946		ZZBE:-18561		HJPZ:-15226		JDOE:-7301		KWET:18671		WNHB:-14987		ENVH:379434		CSRC:2137064		GONE:5942309		BZPV:7039213		
Vin:[LSVNV2182E0541657][1694043190000]:KFGP:-12578		ZZBE:-24193		HJPZ:-15858		JDOE:-6933		KWET:20039		WNHB:-16971		ENVH:1373802	CSRC:7131432		GONE:936677		    BZPV:42033581
Vin:[LSVNV2182E0541657][1694043191000]:KFGP:-12594		ZZBE:-24209		HJPZ:-15874		JDOE:-6949		KWET:19023		WNHB:-20635		ENVH:943786		CSRC:1201416		GONE:5006661		BZPV:46103565		
Vin:[LSVNV2182E0541657][1694043192000]:KFGP:-10514		ZZBE:-22129		HJPZ:-13794		JDOE:-6869		KWET:20103		WNHB:-14907		ENVH:1205866	CSRC:8463496		GONE:2268741		BZPV:33365645
Vin:[LSVNV2182E0541657][1694043193000]:KFGP:-14338		ZZBE:-15953		HJPZ:-17618		JDOE:-6693		KWET:19631		WNHB:-22379		ENVH:932042		CSRC:9189672		GONE:4994917		BZPV:4091821		
Vin:[LSVNV2182E0541657][1694043194000]:KFGP:-14418		ZZBE:-16033		HJPZ:-17698		JDOE:-6773		KWET:20199		WNHB:-22459		ENVH:1061962	CSRC:2319592		GONE:2124837		BZPV:7221741
Vin:[LSVNV2182E0541657][1694043195000]:KFGP:-9842		ZZBE:-21457		HJPZ:-13122		JDOE:-6197		KWET:18775		WNHB:-14235		ENVH:646538		CSRC:404168		    GONE:209413		    BZPV:5306317
Vin:[LSVNV2182E0541657][1694043196000]:KFGP:-13490		ZZBE:-15105		HJPZ:-16770		JDOE:-5845		KWET:20127		WNHB:-21531		ENVH:302890		CSRC:1560520		GONE:1365765		BZPV:46462669		
Vin:[LSVNV2182E0541657][1694043197000]:KFGP:-17666		ZZBE:-15633		HJPZ:-17298		JDOE:-6373		KWET:18951		WNHB:-22059		ENVH:748714		CSRC:6506344		GONE:5795237		BZPV:38892141		
Vin:[LSVNV2182E0541657][1694043198000]:KFGP:-8498		ZZBE:-16465		HJPZ:-13130		JDOE:-7205		KWET:18119		WNHB:-12891		ENVH:327882		CSRC:4069160		GONE:3874405		BZPV:18971309		
Vin:[LSVNV2182E0541657][1694043199000]:KFGP:-11058		ZZBE:-22673		HJPZ:-15690		JDOE:-7413		KWET:18559		WNHB:-15451		ENVH:265322		CSRC:7522952		GONE:811845		    BZPV:32425101
Vin:[LSVNV2182E0541657][1694043200000]:KFGP:-12306		ZZBE:-20273		HJPZ:-16938		JDOE:-7013		KWET:20311		WNHB:-16699		ENVH:144074		CSRC:7901704		GONE:5190597		BZPV:10287501		
Vin:[LSVNV2182E0541657][1694043201000]:KFGP:-12194		ZZBE:-23809		HJPZ:-15474		JDOE:-6549		KWET:19423		WNHB:-20235		ENVH:734186		CSRC:491816		    GONE:297061		    BZPV:45393965
Vin:[LSVNV2182E0541657][1694043202000]:KFGP:-13714		ZZBE:-15329		HJPZ:-13346		JDOE:-6421		KWET:18903		WNHB:-18107		ENVH:1162666	CSRC:8920296		GONE:209189		    BZPV:3822445
Vin:[LSVNV2182E0541657][1694043203000]:KFGP:-9234		ZZBE:-17201		HJPZ:-13866		JDOE:-5941		KWET:19383		WNHB:-13627		ENVH:250794		CSRC:1508424		GONE:1313669		BZPV:36410573		
Vin:[LSVNV2182E0541657][1694043204000]:KFGP:-14658		ZZBE:-16273		HJPZ:-14290		JDOE:-7013		KWET:18959		WNHB:-19051		ENVH:871722		CSRC:129352		    GONE:1418245		BZPV:45031501
Vin:[LSVNV2182E0541657][1694043205000]:KFGP:-14898		ZZBE:-22865		HJPZ:-14530		JDOE:-7605		KWET:18719		WNHB:-19291		ENVH:661482		CSRC:1419112		GONE:2708005		BZPV:43804909		
Vin:[LSVNV2182E0541657][1694043206000]:KFGP:-12658		ZZBE:-24273		HJPZ:-15938		JDOE:-7013		KWET:19959		WNHB:-20699		ENVH:1103722	CSRC:6861352		GONE:666597		    BZPV:41763501
Vin:[LSVNV2182E0541657][1694043207000]:KFGP:-9250		ZZBE:-20865		HJPZ:-17530		JDOE:-7605		KWET:19367		WNHB:-17291		ENVH:197130		CSRC:2954760		GONE:2760005		BZPV:27856909		
Vin:[LSVNV2182E0541657][1694043208000]:KFGP:-15202		ZZBE:-16817		HJPZ:-13482		JDOE:-7557		KWET:18415		WNHB:-19595		ENVH:1471178	CSRC:1228808		GONE:1034053		BZPV:26130957
Vin:[LSVNV2182E0541657][1694043209000]:KFGP:-10034		ZZBE:-21649		HJPZ:-14666		JDOE:-6389		KWET:18583		WNHB:-14427		ENVH:166346		CSRC:423976		    GONE:3712869		BZPV:45326125
Vin:[LSVNV2182E0541657][1694043210000]:KFGP:-15298		ZZBE:-16913		HJPZ:-13578		JDOE:-7653		KWET:18319		WNHB:-13339		ENVH:211082		CSRC:6468712		GONE:4273957		BZPV:31370861		
Vin:[LSVNV2182E0541657][1694043211000]:KFGP:-14370		ZZBE:-15985		HJPZ:-17650		JDOE:-6725		KWET:20247		WNHB:-18763		ENVH:1452010	CSRC:3709640		GONE:5514885		BZPV:48611789
Vin:[LSVNV2182E0541657][1694043212000]:KFGP:-10370		ZZBE:-21985		HJPZ:-13650		JDOE:-6725		KWET:19247		WNHB:-18411		ENVH:1436010	CSRC:7693640		GONE:5498885		BZPV:22595789
Vin:[LSVNV2182E0541657][1694043213000]:KFGP:-12146		ZZBE:-20113		HJPZ:-16778		JDOE:-6853		KWET:19471		WNHB:-16539		ENVH:44234		CSRC:8785512		GONE:590757		    BZPV:13687661
Vin:[LSVNV2182E0541657][1694043214000]:KFGP:-11778		ZZBE:-23393		HJPZ:-15058		JDOE:-6133		KWET:20839		WNHB:-19819		ENVH:954602		CSRC:8712232		GONE:517477		    BZPV:13614381
Vin:[LSVNV2182E0541657][1694043215000]:KFGP:-15538		ZZBE:-23505		HJPZ:-15170		JDOE:-6245		KWET:19079		WNHB:-19931		ENVH:1060842	CSRC:2318472		GONE:1607365		BZPV:7220621
Vin:[LSVNV2182E0541657][1694043216000]:KFGP:-9378		ZZBE:-20993		HJPZ:-17658		JDOE:-5733		KWET:18239		WNHB:-13771		ENVH:637002		CSRC:394632		    GONE:199877		    BZPV:45296781
Vin:[LSVNV2182E0541657][1694043217000]:KFGP:-14786		ZZBE:-16401		HJPZ:-14418		JDOE:-7141		KWET:20831		WNHB:-19179		ENVH:711594		CSRC:7469224		GONE:2758117		BZPV:32371373		
Vin:[LSVNV2182E0541657][1694043218000]:KFGP:-10786		ZZBE:-22401		HJPZ:-14066		JDOE:-7141		KWET:19831		WNHB:-18827		ENVH:155594		CSRC:1413224		GONE:1218469		BZPV:36315373		
Vin:[LSVNV2182E0541657][1694043219000]:KFGP:-8178		ZZBE:-19793		HJPZ:-17810		JDOE:-6533		KWET:20439		WNHB:-22571		ENVH:228202		CSRC:8485832		GONE:3774725		BZPV:23387981		
Vin:[LSVNV2182E0541657][1694043220000]:KFGP:-11730		ZZBE:-23345		HJPZ:-15010		JDOE:-6085		KWET:19887		WNHB:-19771		ENVH:1364650	CSRC:2622280		GONE:2427525		BZPV:27524429
Vin:[LSVNV2182E0541657][1694043221000]:KFGP:-14082		ZZBE:-22049		HJPZ:-13714		JDOE:-6789		KWET:19535		WNHB:-18475		ENVH:1352298	CSRC:1593576		GONE:3398821		BZPV:36495725
Vin:[LSVNV2182E0541657][1694043222000]:KFGP:-13154		ZZBE:-14769		HJPZ:-17786		JDOE:-7509		KWET:20463		WNHB:-17547		ENVH:93226		CSRC:6850856		GONE:2139749		BZPV:11753005		
Vin:[LSVNV2182E0541657][1694043223000]:KFGP:-10818		ZZBE:-22433		HJPZ:-14098		JDOE:-7173		KWET:19799		WNHB:-15211		ENVH:935562		CSRC:5693192		GONE:3498437		BZPV:20595341		

table'scolumnvalueranges:
GMVS:COLUMN_TYPE_INTEGERmin:12393max:12448
LIOS:COLUMN_TYPE_INTEGERmin:-31829max:-26348
LFZG:COLUMN_TYPE_INTEGERmin:36284max:91103
WLYQ:COLUMN_TYPE_INTEGERmin:-87636max:-32817
ZTGP:COLUMN_TYPE_INTEGERmin:27874max:55283
GMNR:COLUMN_TYPE_INTEGERmin:-399851max:-125756
BTJH:COLUMN_TYPE_INTEGERmin:1152956max:3893907
XCDQ:COLUMN_TYPE_INTEGERmin:-601156max:-162603
JKZL:COLUMN_TYPE_INTEGERmin:185955max:624508
MLBY:COLUMN_TYPE_INTEGERmin:-61902784max:-18047558
DSKQ:COLUMN_TYPE_INTEGERmin:-14716max:-9235
EQLU:COLUMN_TYPE_INTEGERmin:-751719max:-203528
KACE:COLUMN_TYPE_INTEGERmin:2253115max:7735018
YDXB:COLUMN_TYPE_INTEGERmin:-7728753max:-2246850
NXCR:COLUMN_TYPE_INTEGERmin:1143645max:3884596
OZSM:COLUMN_TYPE_INTEGERmin:112946741max:387041904
SYMN:COLUMN_TYPE_INTEGERmin:-38703705max:-11294188
UAPJ:COLUMN_TYPE_INTEGERmin:-6211841max:-1826318
PQRQ:COLUMN_TYPE_INTEGERmin:18095023max:61950249
UICP:COLUMN_TYPE_INTEGERmin:-619251917max:-180699657
KFGP:COLUMN_TYPE_INTEGERmin:-18068max:-8070
ZZBE:COLUMN_TYPE_INTEGERmin:-24669max:-14671
HJPZ:COLUMN_TYPE_INTEGERmin:-17916max:-12918
JDOE:COLUMN_TYPE_INTEGERmin:-7653max:-5655
KWET:COLUMN_TYPE_INTEGERmin:17995max:20993
WNHB:COLUMN_TYPE_INTEGERmin:-22663max:-12665
ENVH:COLUMN_TYPE_INTEGERmin:17190max:1517188
CSRC:COLUMN_TYPE_INTEGERmin:-8072max:9991926
GONE:COLUMN_TYPE_INTEGERmin:-21827max:5978171
BZPV:COLUMN_TYPE_INTEGERmin:2631max:50002629
AOAO:COLUMN_TYPE_INTEGERmin:-2147483647max:-2147483645
EXGV:COLUMN_TYPE_INTEGERmin:-2147483647max:-2147483645
JCGU:COLUMN_TYPE_INTEGERmin:-2147483647max:-2147483645
TFGW:COLUMN_TYPE_INTEGERmin:-2147483647max:-2147483645
MUBC:COLUMN_TYPE_INTEGERmin:-2147483647max:-2147483645
JHET:COLUMN_TYPE_INTEGERmin:1max:3
WKUZ:COLUMN_TYPE_INTEGERmin:-1max:-1
YCTI:COLUMN_TYPE_INTEGERmin:1max:5
BBPX:COLUMN_TYPE_INTEGERmin:1max:9
HRXI:COLUMN_TYPE_INTEGERmin:1max:9
FWKW:COLUMN_TYPE_DOUBLE_FLOATmin:20154.92085711648905999027192592620849609375max:20703.11118242866723448969423770904541015625
BDPO:COLUMN_TYPE_DOUBLE_FLOATmin:250137.510489717707969248294830322265625max:798327.835801895824261009693145751953125
FQTH:COLUMN_TYPE_DOUBLE_FLOATmin:-7707023.71714016236364841461181640625max:-2225120.46401838026940822601318359375
SBXA:COLUMN_TYPE_DOUBLE_FLOATmin:-72437.726414480988751165568828582763671875max:-17618.6938832631785771809518337249755859375
XRTP:COLUMN_TYPE_DOUBLE_FLOATmin:22601280.0990456081926822662353515625max:77420312.6302634179592132568359375
ZIKG:COLUMN_TYPE_DOUBLE_FLOATmin:9803.900803956430536345578730106353759765625max:9974.232027316591484122909605503082275390625
LMLK:COLUMN_TYPE_DOUBLE_FLOATmin:3759225.3441886729560792446136474609375max:5462537.57779026962816715240478515625
TEDW:COLUMN_TYPE_DOUBLE_FLOATmin:50540056.20565558969974517822265625max:67573178.54167155921459197998046875
UVGJ:COLUMN_TYPE_DOUBLE_FLOATmin:9460.6944755508447997272014617919921875max:15429.781866984283624333329498767852783203125
LYLI:COLUMN_TYPE_DOUBLE_FLOATmin:128104.286408638698048889636993408203125max:154622.2347849758225493133068084716796875
FVXS:COLUMN_TYPE_STRINGminLen:1maxLen:2minAscii:45maxAscii:49
LIYD:COLUMN_TYPE_STRINGminLen:1maxLen:1minAscii:120maxAscii:122
ZEBY:COLUMN_TYPE_STRINGminLen:7maxLen:7minAscii:67maxAscii:85
UFPI:COLUMN_TYPE_STRINGminLen:5maxLen:5minAscii:71maxAscii:84
UZSV:COLUMN_TYPE_STRINGminLen:15maxLen:15minAscii:33maxAscii:121
FLLY:COLUMN_TYPE_STRINGminLen:1maxLen:1minAscii:33maxAscii:121
JUBK:COLUMN_TYPE_STRINGminLen:100maxLen:100minAscii:33maxAscii:121
ORNI:COLUMN_TYPE_STRINGminLen:30maxLen:30minAscii:33maxAscii:121
SCHU:COLUMN_TYPE_STRINGminLen:0maxLen:2minAscii:33maxAscii:119
GLNG:COLUMN_TYPE_STRINGminLen:30maxLen:40minAscii:33maxAscii:121
