Vin: [LSVNV2182E0541656][1694043154000]:DSKQ:-14715,WNHB:-20953,FWKW:20155.051807846805,LMLK:5453168.12086073,UZSV:.K['COCGCOWSS8O,
Vin: [LSVNV2182E0541654][1694043155000]:DSKQ:-14715,WNHB:-16549,FWKW:20155.051924321,LMLK:5453214.744962816,UZSV:O'yC\qaG888i[.W,
Vin: [LSVNV2182E0541655][1694043155000]:DSKQ:-14715,WNHB:-18823,FWKW:20155.05189745686,LMLK:5453215.959271604,UZSV:I=]Q=Qs;,kco!6,,
Vin: [LSVNV2182E0541656][1694043155000]:DSKQ:-14715,WNHB:-17689,FWKW:20155.05187148083,LMLK:5453212.663860426,UZSV:y#CeSOCS4q0'u'W,
Vin: [LSVNV2182E0541654][1694043156000]:DSKQ:-14715,WNHB:-16293,FWKW:20155.051990041367,LMLK:5453044.359296671,UZSV:\ia-KKuW\0[.8Sa,
Vin: [LSVNV2182E0541655][1694043156000]:DSKQ:-14715,WNHB:-20823,FWKW:20155.051963177233,LMLK:5453045.433761626,UZSV:kY/gQc;QE6Us]QU,
Vin: [LSVNV2182E0541656][1694043156000]:DSKQ:-14715,WNHB:-13273,FWKW:20155.051937201213,LMLK:5453046.473511513,UZSV:eGmGau\#Sm8W4q',
Vin: [LSVNV2182E0541654][1694043157000]:DSKQ:-14715,WNHB:-18901,FWKW:20155.05205784809,LMLK:5453057.866008186,UZSV:yWaG.0K-e##[eS[,
Vin: [LSVNV2182E0541655][1694043157000]:DSKQ:-14715,WNHB:-18199,FWKW:20155.052030983963,LMLK:5453059.080316978,UZSV:Ys]cc=;QM/IEYkk,
Vin: [LSVNV2182E0541656][1694043157000]:DSKQ:-14715,WNHB:-20489,FWKW:20155.05200500795,LMLK:5453055.505217849,UZSV:-0K#qOWuae-080m,
Vin: [LSVNV2182E0541654][1694043158000]:DSKQ:-14715,WNHB:-20757,FWKW:20155.052127741168,LMLK:5452959.062308822,UZSV:KCOy\m0'&8a4Cia,
Vin: [LSVNV2182E0541655][1694043158000]:DSKQ:-14715,WNHB:-14855,FWKW:20155.05210087705,LMLK:5452960.136773805,UZSV:(=(EMgYQI(Qws/(,
Vin: [LSVNV2182E0541656][1694043158000]:DSKQ:-14715,WNHB:-19657,FWKW:20155.05207490104,LMLK:5452961.456211392,UZSV:8WSa&C\K'8'&WO[,
Vin: [LSVNV2182E0541654][1694043159000]:DSKQ:-14715,WNHB:-13317,FWKW:20155.0521997206,LMLK:5452974.301314467,UZSV:G-\4WSyW-[OaCqy,
Vin: [LSVNV2182E0541655][1694043159000]:DSKQ:-14715,WNHB:-22183,FWKW:20155.05217285649,LMLK:5452975.515623287,UZSV:EUggg2gw;o;EUo=,
Vin: [LSVNV2182E0541656][1694043159000]:DSKQ:-14715,WNHB:-21193,FWKW:20155.052146880487,LMLK:5452972.22021186,UZSV:iCG.a4G-qKO40m\,
Vin: [LSVNV2182E0541654][1694043160000]:DSKQ:-14715,WNHB:-19189,FWKW:20155.05227378639,LMLK:5453466.793735752,UZSV:u'i&a'4&0W#y[88,
Vin: [LSVNV2182E0541655][1694043160000]:DSKQ:-14715,WNHB:-18247,FWKW:20155.05224692228,LMLK:5453467.868200729,UZSV:!k/EMkMg!oc2kIo,
Vin: [LSVNV2182E0541656][1694043160000]:DSKQ:-14715,WNHB:-14489,FWKW:20155.05222094629,LMLK:5453468.907950369,UZSV:e..'--0#ayqO.ue,
Vin: [LSVNV2182E0541654][1694043161000]:DSKQ:-14715,WNHB:-14981,FWKW:20155.05234993853,LMLK:5453444.211729925,UZSV:meCySq[OiOKaaaa,
Vin: [LSVNV2182E0541655][1694043161000]:DSKQ:-14715,WNHB:-22519,FWKW:20155.05232307443,LMLK:5453445.426037088,UZSV:k(U2,Ag=,soQo!,,
Vin: [LSVNV2182E0541656][1694043161000]:DSKQ:-14715,WNHB:-17049,FWKW:20155.052297098446,LMLK:5453441.850938262,UZSV:'qK-W0.0W88u[-#,
Vin: [LSVNV2182E0541654][1694043162000]:DSKQ:-14715,WNHB:-12741,FWKW:20155.052428177023,LMLK:5453345.697835388,UZSV:i.m0eq&[0mq[8'y,
Vin: [LSVNV2182E0541655][1694043162000]:DSKQ:-14715,WNHB:-16183,FWKW:20155.052401312932,LMLK:5453346.772298716,UZSV:=w%2gsQo2,wQo;A,
Vin: [LSVNV2182E0541656][1694043162000]:DSKQ:-14715,WNHB:-13385,FWKW:20155.052375336953,LMLK:5453348.091736577,UZSV:4C#iS&444OqKO4[,
Vin: [LSVNV2182E0541654][1694043163000]:DSKQ:-14715,WNHB:-17461,FWKW:20155.052508501867,LMLK:5453323.148604929,UZSV:C\[4S0KGy44O8.C,
Vin: [LSVNV2182E0541655][1694043163000]:DSKQ:-14715,WNHB:-13431,FWKW:20155.052481637784,LMLK:5453324.310470623,UZSV:QcQ/;!E2!skY%6M,
Vin: [LSVNV2182E0541656][1694043163000]:DSKQ:-14715,WNHB:-15161,FWKW:20155.05245566181,LMLK:5453321.032539967,UZSV:8[&4aKW-OGeGKma,
Vin: [LSVNV2182E0541654][1694043164000]:DSKQ:-14715,WNHB:-19749,FWKW:20155.052590913063,LMLK:5453224.076427234,UZSV:.'iem'y'4S8y#[K,
Vin: [LSVNV2182E0541655][1694043164000]:DSKQ:-14715,WNHB:-17975,FWKW:20155.052564048987,LMLK:5453225.098449093,UZSV:MskkkI!ksY;YkIc,
Vin: [LSVNV2182E0541656][1694043164000]:DSKQ:-14715,WNHB:-13289,FWKW:20155.052538073025,LMLK:5453226.155679504,UZSV:8'iOu&qKamO'm&a,
Vin: [LSVNV2182E0541654][1694043165000]:DSKQ:-14715,WNHB:-19861,FWKW:20155.05267541061,LMLK:5453200.337395937,UZSV:aOmCe-#au4iuy.q,
Vin: [LSVNV2182E0541655][1694043165000]:DSKQ:-14715,WNHB:-12855,FWKW:20155.052648546545,LMLK:5453201.4992616335,UZSV:U,c(c]UIAQ;(Y22,
Vin: [LSVNV2182E0541656][1694043165000]:DSKQ:-14715,WNHB:-14361,FWKW:20155.052622570587,LMLK:5453197.9416430285,UZSV:euK'48iqKq#e-#q,
Vin: [LSVNV2182E0541654][1694043166000]:DSKQ:-14715,WNHB:-20549,FWKW:20155.05276199451,LMLK:5453178.044031174,UZSV:..-8ue8[m\Gyim-,
Vin: [LSVNV2182E0541655][1694043166000]:DSKQ:-14715,WNHB:-20087,FWKW:20155.052735130448,LMLK:5453179.066053027,UZSV:UII=Us;=6Q2=;,o,
Vin: [LSVNV2182E0541656][1694043166000]:DSKQ:-14715,WNHB:-21561,FWKW:20155.0527091545,LMLK:5453180.40297111,UZSV:'C[['[&\quKy\8K,
Vin: [LSVNV2182E0541654][1694043167000]:DSKQ:-14715,WNHB:-22533,FWKW:20155.052850664757,LMLK:5453079.240402496,UZSV:me-[-C4a-y&WK&m,
Vin: [LSVNV2182E0541655][1694043167000]:DSKQ:-14715,WNHB:-20487,FWKW:20155.052823800706,LMLK:5453080.402268186,UZSV:%!w=g6!o(6M(U6],
Vin: [LSVNV2182E0541656][1694043167000]:DSKQ:-14715,WNHB:-22521,FWKW:20155.052797824766,LMLK:5453077.124337257,UZSV:0#yeieS[eq\0u\W,
Vin: [LSVNV2182E0541654][1694043168000]:DSKQ:-14715,WNHB:-18981,FWKW:20155.052941421352,LMLK:5453631.714510954,UZSV:-0OmG[#8.&e'q#O,
Vin: [LSVNV2182E0541655][1694043168000]:DSKQ:-14715,WNHB:-13479,FWKW:20155.05291455731,LMLK:5453630.499030315,UZSV:Mw2=U!(M,]oo=EY,
Vin: [LSVNV2182E0541656][1694043168000]:DSKQ:-14715,WNHB:-14329,FWKW:20155.05288858138,LMLK:5453633.793762929,UZSV:ei4qme.KWiGG'CS,
Vin: [LSVNV2182E0541654][1694043169000]:DSKQ:-14715,WNHB:-21877,FWKW:20155.053034264296,LMLK:5452942.498935414,UZSV:u&mK4\K'-yS#CO',
Vin: [LSVNV2182E0541655][1694043169000]:DSKQ:-14715,WNHB:-16887,FWKW:20155.053007400264,LMLK:5452941.4232991645,UZSV:2s!kIII;6=!sA!g,
Vin: [LSVNV2182E0541656][1694043169000]:DSKQ:-14715,WNHB:-22377,FWKW:20155.052981424342,LMLK:5452940.103183312,UZSV:uq48-u\aeK8CuS\,
Vin: [LSVNV2182E0541654][1694043170000]:DSKQ:-14715,WNHB:-19877,FWKW:20155.053129193588,LMLK:5452956.871740541,UZSV:i0uu-&uO#C.'GK-,
Vin: [LSVNV2182E0541655][1694043170000]:DSKQ:-14715,WNHB:-17143,FWKW:20155.053102329563,LMLK:5452955.656260459,UZSV:(co6!2!I%QEc!,c,
Vin: [LSVNV2182E0541656][1694043170000]:DSKQ:-14715,WNHB:-18953,FWKW:20155.05307635365,LMLK:5452959.230681294,UZSV:[8q'G#\qaWCC-ue,
Vin: [LSVNV2182E0541654][1694043171000]:DSKQ:-14715,WNHB:-19029,FWKW:20155.053226209224,LMLK:5452858.3568196,UZSV:u-[0#O-[C8&yyCC,
Vin: [LSVNV2182E0541655][1694043171000]:DSKQ:-14715,WNHB:-18999,FWKW:20155.053199345213,LMLK:5452857.281183345,UZSV:!I,=(s22gA=Qg=s,
Vin: [LSVNV2182E0541656][1694043171000]:DSKQ:-14715,WNHB:-15017,FWKW:20155.05317336931,LMLK:5452856.240755167,UZSV:4iW\ei&ai#Oi'48,
Vin: [LSVNV2182E0541654][1694043172000]:DSKQ:-14715,WNHB:-21317,FWKW:20155.053325311208,LMLK:5452835.792791409,UZSV:\[iaG-8K8W-iCq[,
Vin: [LSVNV2182E0541655][1694043172000]:DSKQ:-14715,WNHB:-13543,FWKW:20155.053298447205,LMLK:5452834.57731132,UZSV:6Y2UY;,k262Qc/=,
Vin: [LSVNV2182E0541656][1694043172000]:DSKQ:-14715,WNHB:-16793,FWKW:20155.053272471312,LMLK:5452837.872044208,UZSV:4q\yyO.4uS[88u8,
Vin: [LSVNV2182E0541654][1694043173000]:DSKQ:-14715,WNHB:-19893,FWKW:20155.05342649954,LMLK:5452700.901503362,UZSV:i[G0W'.#&yCqay-,
Vin: [LSVNV2182E0541655][1694043173000]:DSKQ:-14715,WNHB:-16887,FWKW:20155.053399635544,LMLK:5452699.825867111,UZSV:;s%Qo662ookwc%k,
Vin: [LSVNV2182E0541656][1694043173000]:DSKQ:-14715,WNHB:-16329,FWKW:20155.05337365966,LMLK:5452698.505750982,UZSV:q.K4Sq&4ime-O#a,
Vin: [LSVNV2182E0541654][1694043174000]:DSKQ:-14715,WNHB:-21877,FWKW:20155.053529774214,LMLK:5452749.91732521,UZSV:..W8yemq&aGK\a4,
Vin: [LSVNV2182E0541655][1694043174000]:DSKQ:-14715,WNHB:-15415,FWKW:20155.05350291023,LMLK:5452748.701845116,UZSV:=I2!(]ww2s2;]gE,
Vin: [LSVNV2182E0541656][1694043174000]:DSKQ:-14715,WNHB:-16889,FWKW:20155.053476934354,LMLK:5452752.2762656845,UZSV:-Ce#qSiCm.KG[-0,
Vin: [LSVNV2182E0541654][1694043175000]:DSKQ:-14715,WNHB:-22565,FWKW:20155.05363513523,LMLK:5452579.515799924,UZSV:-\ai#a\#&'KSme&,
Vin: [LSVNV2182E0541655][1694043175000]:DSKQ:-14715,WNHB:-14519,FWKW:20155.053608271257,LMLK:5452578.440163665,UZSV:!U,UsM=IgE6w/(=,
Vin: [LSVNV2182E0541656][1694043175000]:DSKQ:-14715,WNHB:-16553,FWKW:20155.053582295393,LMLK:5452577.399735221,UZSV:...&-[44'OWS#OS,
Vin: [LSVNV2182E0541654][1694043176000]:DSKQ:-14715,WNHB:-14789,FWKW:20155.05374258259,LMLK:5452591.883494316,UZSV:i0uu&OuGW48&8i#,
Vin: [LSVNV2182E0541655][1694043176000]:DSKQ:-14715,WNHB:-16935,FWKW:20155.053715718626,LMLK:5452590.668014215,UZSV:ck](Y,2s]E(Uc/2,
Vin: [LSVNV2182E0541656][1694043176000]:DSKQ:-14715,WNHB:-19849,FWKW:20155.053689742774,LMLK:5452593.962746836,UZSV:'40#aa[WqC[\Wiu,
Vin: [LSVNV2182E0541654][1694043177000]:DSKQ:-14715,WNHB:-16101,FWKW:20155.053852116293,LMLK:5452569.301490623,UZSV:yyK8OiKm8-&u0Ge,
Vin: [LSVNV2182E0541655][1694043177000]:DSKQ:-14715,WNHB:-15111,FWKW:20155.05382525234,LMLK:5452568.225854911,UZSV:,2Mw]wwsA,,w%MY,
Vin: [LSVNV2182E0541656][1694043177000]:DSKQ:-14715,WNHB:-12665,FWKW:20155.053799276495,LMLK:5452566.905739068,UZSV:[ueGWG8i\y-We-S,
Vin: [LSVNV2182E0541654][1694043178000]:DSKQ:-14715,WNHB:-13525,FWKW:20155.053963736336,LMLK:5453062.641997589,UZSV:-me&.\'\\&G[0,
Vin: [LSVNV2182E0541655][1694043178000]:DSKQ:-14715,WNHB:-15751,FWKW:20155.053936872395,LMLK:5453061.443998531,UZSV:2oUIE,]2=I2%!(s,
Vin: [LSVNV2182E0541656][1694043178000]:DSKQ:-14715,WNHB:-18665,FWKW:20155.05391089656,LMLK:5453065.000938887,UZSV:iC4\aCS[a4KKG4C,
Vin: [LSVNV2182E0541654][1694043179000]:DSKQ:-14715,WNHB:-20357,FWKW:20155.05407744272,LMLK:5453040.0599932475,UZSV:yy#.WGC'&O-Oi\0,
Vin: [LSVNV2182E0541655][1694043179000]:DSKQ:-14715,WNHB:-20055,FWKW:20155.05405057879,LMLK:5453039.001838122,UZSV:/Q!6o2QEc!U2Uc],
Vin: [LSVNV2182E0541656][1694043179000]:DSKQ:-14715,WNHB:-19881,FWKW:20155.054024602967,LMLK:5453037.943929559,UZSV:ui00[qaqyi#.#i#,
Vin: [LSVNV2182E0541654][1694043180000]:DSKQ:-14715,WNHB:-13221,FWKW:20155.054193235443,LMLK:5452941.274338493,UZSV:4C#-#W[OK-Gqq#m,
Vin: [LSVNV2182E0541655][1694043180000]:DSKQ:-14715,WNHB:-22151,FWKW:20155.054166371523,LMLK:5452940.076339396,UZSV:Q!,!swYE!Y]oc=M,
Vin: [LSVNV2182E0541656][1694043180000]:DSKQ:-14715,WNHB:-16185,FWKW:20155.054140395714,LMLK:5452943.353591761,UZSV:0KKK'4eu8Cm\.Ky,
Vin: [LSVNV2182E0541654][1694043181000]:DSKQ:-14715,WNHB:-20885,FWKW:20155.054311114505,LMLK:5452991.735961638,UZSV:y[eC\e8'u4\e.KC,
Vin: [LSVNV2182E0541655][1694043181000]:DSKQ:-14715,WNHB:-17607,FWKW:20155.0542842506,LMLK:5452990.677806516,UZSV:EwAg6=kQo!;U2UQ,
Vin: [LSVNV2182E0541656][1694043181000]:DSKQ:-14715,WNHB:-20857,FWKW:20155.0542582748,LMLK:5452989.340210003,UZSV:'SyWue4'&8.G'q&,
Vin: [LSVNV2182E0541654][1694043182000]:DSKQ:-14715,WNHB:-22245,FWKW:20155.054431079905,LMLK:5453394.132821335,UZSV:C'GCO4qOKOOSCSi,
Vin: [LSVNV2182E0541655][1694043182000]:DSKQ:-14715,WNHB:-16135,FWKW:20155.05440421601,LMLK:5453392.934822233,UZSV:wMo%wc%koAI%/M!,
Vin: [LSVNV2182E0541656][1694043182000]:DSKQ:-14715,WNHB:-12681,FWKW:20155.05437824022,LMLK:5453396.49176227,UZSV:iGim[8m-\8'.Ou-,
Vin: [LSVNV2182E0541654][1694043183000]:DSKQ:-14715,WNHB:-19909,FWKW:20155.054553131642,LMLK:5453442.862184492,UZSV:.\#[4ma'uyWGiqy,
Vin: [LSVNV2182E0541655][1694043183000]:DSKQ:-14715,WNHB:-15239,FWKW:20155.05452626776,LMLK:5453441.804029364,UZSV:kYUk!cA=6MMUkYo,
Vin: [LSVNV2182E0541656][1694043183000]:DSKQ:-14715,WNHB:-15369,FWKW:20155.054500291983,LMLK:5453440.7461205255,UZSV:aKm8#\00[80\-G8,
Vin: [LSVNV2182E0541654][1694043184000]:DSKQ:-14715,WNHB:-19141,FWKW:20155.054677269716,LMLK:5453274.715047356,UZSV:COu8K88S#'8#.a',
Vin: [LSVNV2182E0541655][1694043184000]:DSKQ:-14715,WNHB:-21639,FWKW:20155.054650405844,LMLK:5453275.754550733,UZSV:(s22U(c,IAQgQsw,
Vin: [LSVNV2182E0541656][1694043184000]:DSKQ:-14715,WNHB:-18041,FWKW:20155.05462443008,LMLK:5453272.319295375,UZSV:GuSeWu&84q0.[8C,
Vin: [LSVNV2182E0541654][1694043185000]:DSKQ:-14715,WNHB:-12885,FWKW:20155.054803494124,LMLK:5453324.019645315,UZSV:muG&G'08#\yWSOm,
Vin: [LSVNV2182E0541655][1694043185000]:DSKQ:-14715,WNHB:-19527,FWKW:20155.054776630262,LMLK:5453325.198992667,UZSV:=2%Y%U!Ec/2I(6s,
Vin: [LSVNV2182E0541656][1694043185000]:DSKQ:-14715,WNHB:-18793,FWKW:20155.054750654508,LMLK:5453326.098898374,UZSV:\0mCey[4\WeKKqy,
Vin: [LSVNV2182E0541654][1694043186000]:DSKQ:-14715,WNHB:-21813,FWKW:20155.054931804865,LMLK:5453264.4826905085,UZSV:S\ey448q.uqKWu#,
Vin: [LSVNV2182E0541655][1694043186000]:DSKQ:-14715,WNHB:-19783,FWKW:20155.05490494102,LMLK:5453265.52219444,UZSV://sgc%M=!g=so;o,
Vin: [LSVNV2182E0541656][1694043186000]:DSKQ:-14715,WNHB:-14441,FWKW:20155.054878965275,LMLK:5453262.366627304,UZSV:Oui\WSm-e-#q.8C,
Vin: [LSVNV2182E0541654][1694043187000]:DSKQ:-14715,WNHB:-19813,FWKW:20155.055062201936,LMLK:5452574.400985392,UZSV:0yS4'.[4CCKy0#[,
Vin: [LSVNV2182E0541655][1694043187000]:DSKQ:-14715,WNHB:-13511,FWKW:20155.055035338104,LMLK:5452575.58033329,UZSV:2;,o(A]!Uo!,%!;,
Vin: [LSVNV2182E0541656][1694043187000]:DSKQ:-14715,WNHB:-15401,FWKW:20155.055009362375,LMLK:5452576.75992722,UZSV:i4.i##\&'Cq'C\O,
Vin: [LSVNV2182E0541654][1694043188000]:DSKQ:-14715,WNHB:-13253,FWKW:20155.055194685345,LMLK:5452552.703085199,UZSV:ym'4q8im'O0mSa&,
Vin: [LSVNV2182E0541655][1694043188000]:DSKQ:-14715,WNHB:-16183,FWKW:20155.055167821523,LMLK:5452553.742589125,UZSV:],6IEc!YY=g6U,,,
Vin: [LSVNV2182E0541656][1694043188000]:DSKQ:-14715,WNHB:-22281,FWKW:20155.055141845805,LMLK:5452550.307334043,UZSV:u&-8O8u-#&8.[8G,
Vin: [LSVNV2182E0541654][1694043189000]:DSKQ:-14715,WNHB:-22213,FWKW:20155.055329255083,LMLK:5452453.899456385,UZSV:y[-&'4my[C\4q##,
Vin: [LSVNV2182E0541655][1694043189000]:DSKQ:-14715,WNHB:-12935,FWKW:20155.055302391273,LMLK:5452455.078804285,UZSV:6wUI;QQ;kM;2Y66,
Vin: [LSVNV2182E0541656][1694043189000]:DSKQ:-14715,WNHB:-18249,FWKW:20155.05527641557,LMLK:5452455.978710267,UZSV:Saq.C.a#\0[4#ae,
Vin: [LSVNV2182E0541654][1694043190000]:DSKQ:-14715,WNHB:-22277,FWKW:20155.055465911148,LMLK:5452467.406131527,UZSV:K&0m'&Om'i8Oe-#,
Vin: [LSVNV2182E0541655][1694043190000]:DSKQ:-14715,WNHB:-20167,FWKW:20155.055439047355,LMLK:5452468.445635447,UZSV:6w]/Iw]Ec/26Q/6,
Vin: [LSVNV2182E0541656][1694043190000]:DSKQ:-14715,WNHB:-16713,FWKW:20155.055413071663,LMLK:5452465.2900680285,UZSV:S4-[WO#a&GmO'G&,
Vin: [LSVNV2182E0541654][1694043191000]:DSKQ:-14715,WNHB:-19365,FWKW:20155.055604653546,LMLK:5452297.002421041,UZSV:y\S'a&Wq-#mqmaW,
Vin: [LSVNV2182E0541655][1694043191000]:DSKQ:-14715,WNHB:-18695,FWKW:20155.055577789764,LMLK:5452298.181768936,UZSV:%/sg%%!2YEc]E(s,
Vin: [LSVNV2182E0541656][1694043191000]:DSKQ:-14715,WNHB:-18825,FWKW:20155.055551814086,LMLK:5452299.361362584,UZSV:4[[4C0K'Cm&uaay,
Vin: [LSVNV2182E0541654][1694043192000]:DSKQ:-14715,WNHB:-20709,FWKW:20155.05574548227,LMLK:5452382.704642292,UZSV:uGu4eWeK&.GimGG,
Vin: [LSVNV2182E0541655][1694043192000]:DSKQ:-14715,WNHB:-13559,FWKW:20155.055718618503,LMLK:5452383.744146206,UZSV:YYg/IAA,(Io/=Ic,
Vin: [LSVNV2182E0541656][1694043192000]:DSKQ:-14715,WNHB:-21545,FWKW:20155.05569264284,LMLK:5452380.308890841,UZSV:CSyC0'.\y.Km-m.,
Vin: [LSVNV2182E0541654][1694043193000]:DSKQ:-14715,WNHB:-15237,FWKW:20155.05588839732,LMLK:5452212.265970696,UZSV:.ay0'iCO8u\uaiS,
Vin: [LSVNV2182E0541655][1694043193000]:DSKQ:-14715,WNHB:-20487,FWKW:20155.05586153357,LMLK:5452213.462799075,UZSV:(Io2(QEYoUw,]!,,
Vin: [LSVNV2182E0541656][1694043193000]:DSKQ:-14715,WNHB:-18649,FWKW:20155.055835557916,LMLK:5452214.38018526,UZSV:[['08W4yi\\m'u',
Vin: [LSVNV2182E0541654][1694043195000]:DSKQ:-14715,WNHB:-18469,FWKW:20155.056180486397,LMLK:5452682.448146508,UZSV:.i8qiSq#i#0i&'\,
Vin: [LSVNV2182E0541655][1694043195000]:DSKQ:-14715,WNHB:-22391,FWKW:20155.056153622674,LMLK:5452683.64497323,UZSV:(QYg]MsQ(Mw,/6A,
Vin: [LSVNV2182E0541656][1694043195000]:DSKQ:-14715,WNHB:-15241,FWKW:20155.05612764705,LMLK:5452684.8420476485,UZSV:iCq'eKyOOmG[yK\,
Vin: [LSVNV2182E0541654][1694043194000]:DSKQ:-14715,WNHB:-21765,FWKW:20155.056033398698,LMLK:5452261.282885891,UZSV:-\&a'0-'yi#[4OW,
Vin: [LSVNV2182E0541655][1694043194000]:DSKQ:-14715,WNHB:-19959,FWKW:20155.05600653496,LMLK:5452262.339868646,UZSV:6%Eo!%Y=c=%IE](,
Vin: [LSVNV2182E0541656][1694043194000]:DSKQ:-14715,WNHB:-13513,FWKW:20155.055980559322,LMLK:5452259.20178199,UZSV:ia0&q-yGS'GW0e[,
Vin: [LSVNV2182E0541654][1694043196000]:DSKQ:-14715,WNHB:-21333,FWKW:20155.056329660423,LMLK:5452731.482010798,UZSV:\m8Oy8#u&em[K&O,
Vin: [LSVNV2182E0541655][1694043196000]:DSKQ:-14715,WNHB:-14487,FWKW:20155.056302796715,LMLK:5452732.538993547,UZSV:=k=kEgAQ]A2g,MM,
Vin: [LSVNV2182E0541656][1694043196000]:DSKQ:-14715,WNHB:-21545,FWKW:20155.056276821106,LMLK:5452729.121218952,UZSV:aeaq#[CS[Gu&i#O,
Vin: [LSVNV2182E0541654][1694043197000]:DSKQ:-14715,WNHB:-20917,FWKW:20155.05648092077,LMLK:5453245.611858933,UZSV:WqWi0..aqiS'&KC,
Vin: [LSVNV2182E0541655][1694043197000]:DSKQ:-14715,WNHB:-21863,FWKW:20155.056454057078,LMLK:5453246.808685658,UZSV:!E!g;]A;UgQssgc,
Vin: [LSVNV2182E0541656][1694043197000]:DSKQ:-14715,WNHB:-18137,FWKW:20155.05642808148,LMLK:5453247.726072127,UZSV:G8KOm'CeWG\a4ae,
Vin: [LSVNV2182E0541654][1694043198000]:DSKQ:-14715,WNHB:-20309,FWKW:20155.05663426744,LMLK:5453111.008188256,UZSV:mu&&WSm04&Gi0e[,
Vin: [LSVNV2182E0541655][1694043198000]:DSKQ:-14715,WNHB:-18423,FWKW:20155.05660740376,LMLK:5453112.065171001,UZSV:oQQ,QcY2sU!2UYY,
Vin: [LSVNV2182E0541656][1694043198000]:DSKQ:-14715,WNHB:-17993,FWKW:20155.05658142818,LMLK:5453108.927084078,UZSV:iSmy#4'K'&mG44K,
Vin: [LSVNV2182E0541654][1694043199000]:DSKQ:-14715,WNHB:-19941,FWKW:20155.056789700426,LMLK:5453160.31490526,UZSV:uuq4CS\aq&m-\qy,
Vin: [LSVNV2182E0541655][1694043199000]:DSKQ:-14715,WNHB:-15847,FWKW:20155.056762836764,LMLK:5453161.5117319785,UZSV:Qg;k,gQwM=/sokA,
Vin: [LSVNV2182E0541656][1694043199000]:DSKQ:-14715,WNHB:-22649,FWKW:20155.056736861196,LMLK:5453162.708806123,UZSV:Omy04Cy#q'eWS4.,
Vin: [LSVNV2182E0541654][1694043200000]:DSKQ:-14715,WNHB:-20485,FWKW:20155.056947219735,LMLK:5452992.166741708,UZSV:'S4We8ymqimeuWW,
Vin: [LSVNV2182E0541655][1694043200000]:DSKQ:-14715,WNHB:-21815,FWKW:20155.056920356084,LMLK:5452990.986221995,UZSV:g(!,;gMsU;w,MI,,
Vin: [LSVNV2182E0541656][1694043200000]:DSKQ:-14715,WNHB:-19017,FWKW:20155.056894380534,LMLK:5452989.805949638,UZSV:#q#\i\4qimO0WGO,
Vin: [LSVNV2182E0541654][1694043201000]:DSKQ:-14715,WNHB:-21253,FWKW:20155.05710682536,LMLK:5453041.184746446,UZSV:ymC-'WC4[q8W-[u,
Vin: [LSVNV2182E0541655][1694043201000]:DSKQ:-14715,WNHB:-20375,FWKW:20155.057079961727,LMLK:5453040.144070709,UZSV:6cIg2Ms;=%];(!,,
Vin: [LSVNV2182E0541656][1694043201000]:DSKQ:-14715,WNHB:-16793,FWKW:20155.05705398619,LMLK:5453043.2989594145,UZSV:&['&8iK\aq[u#C\,
Vin: [LSVNV2182E0541654][1694043202000]:DSKQ:-14715,WNHB:-21381,FWKW:20155.0572685173,LMLK:5452870.492327716,UZSV:-SKeS0u''uee.u\,
Vin: [LSVNV2182E0541655][1694043202000]:DSKQ:-14715,WNHB:-21831,FWKW:20155.05724165368,LMLK:5452869.311808557,UZSV:/kw(6/EoA,MwAY/,
Vin: [LSVNV2182E0541656][1694043202000]:DSKQ:-14715,WNHB:-13641,FWKW:20155.057215678164,LMLK:5452868.411224421,UZSV:eqy4CiWK00.iK[a,
Vin: [LSVNV2182E0541654][1694043203000]:DSKQ:-14715,WNHB:-18181,FWKW:20155.057432295558,LMLK:5452956.465212219,UZSV:yqOiS000O4-[Oi',
Vin: [LSVNV2182E0541655][1694043203000]:DSKQ:-14715,WNHB:-14359,FWKW:20155.057405431955,LMLK:5452955.424537027,UZSV:M(2k6sI!A;I;%A6,
Vin: [LSVNV2182E0541656][1694043203000]:DSKQ:-14715,WNHB:-13401,FWKW:20155.05737945645,LMLK:5452958.859113958,UZSV:W\Ci&.O0eK.C4ae,
Vin: [LSVNV2182E0541654][1694043204000]:DSKQ:-14715,WNHB:-12821,FWKW:20155.05759816013,LMLK:5452195.090182171,UZSV:0&y[S48\\\\u'O',
Vin: [LSVNV2182E0541655][1694043204000]:DSKQ:-14715,WNHB:-18231,FWKW:20155.057571296544,LMLK:5452193.909663008,UZSV:]g!6,%2;%!!!62s,
Vin: [LSVNV2182E0541656][1694043204000]:DSKQ:-14715,WNHB:-21481,FWKW:20155.057545321055,LMLK:5452192.729390925,UZSV:[y.Ku[4K-W'\y[4,
Vin: [LSVNV2182E0541654][1694043205000]:DSKQ:-14715,WNHB:-22117,FWKW:20155.05776611101,LMLK:5452244.107094512,UZSV:-yW'uKaaSa&4'me,
Vin: [LSVNV2182E0541655][1694043205000]:DSKQ:-14715,WNHB:-15319,FWKW:20155.05773924744,LMLK:5452243.066419324,UZSV:As,cUYkwMYgYM%6,
Vin: [LSVNV2182E0541656][1694043205000]:DSKQ:-14715,WNHB:-17785,FWKW:20155.05771327197,LMLK:5452246.221308304,UZSV:&G&ii.#&iei\\4S,
Vin: [LSVNV2182E0541654][1694043206000]:DSKQ:-14715,WNHB:-22085,FWKW:20155.057936148205,LMLK:5452109.505608898,UZSV:q#q\[a'aCO8GOyS,
Vin: [LSVNV2182E0541655][1694043206000]:DSKQ:-14715,WNHB:-22455,FWKW:20155.057909284653,LMLK:5452108.325089728,UZSV:Y%o62=k=g(;U/!U,
Vin: [LSVNV2182E0541656][1694043206000]:DSKQ:-14715,WNHB:-20281,FWKW:20155.057883309197,LMLK:5452107.424505326,UZSV:W848aOW\4.#..[C,
Vin: [LSVNV2182E0541654][1694043207000]:DSKQ:-14715,WNHB:-21141,FWKW:20155.05810827171,LMLK:5452087.7874813,UZSV:S\qO.SGaS8['e'a,
Vin: [LSVNV2182E0541655][1694043207000]:DSKQ:-14715,WNHB:-20263,FWKW:20155.058081408173,LMLK:5452086.7642865935,UZSV:;gsM=;;I%A6;s;I,
Vin: [LSVNV2182E0541656][1694043207000]:DSKQ:-14715,WNHB:-14361,FWKW:20155.058055432735,LMLK:5452090.18138277,UZSV:i'C-[40&'G00mGW,
Vin: [LSVNV2182E0541654][1694043208000]:DSKQ:-14715,WNHB:-20517,FWKW:20155.058282481525,LMLK:5452099.868719176,UZSV:a\[GWG.y#&-a.[m,
Vin: [LSVNV2182E0541655][1694043208000]:DSKQ:-14715,WNHB:-16807,FWKW:20155.058255618005,LMLK:5452098.70568049,UZSV:AoM/MM2(6%Usog,,
Vin: [LSVNV2182E0541656][1694043208000]:DSKQ:-14715,WNHB:-15113,FWKW:20155.058229642582,LMLK:5452097.5079276515,UZSV:GWim4'uq#0Wu[4W,
Vin: [LSVNV2182E0541654][1694043209000]:DSKQ:-14715,WNHB:-22581,FWKW:20155.058458777643,LMLK:5451929.753652407,UZSV:yme-.W-.OC8iame,
Vin: [LSVNV2182E0541655][1694043209000]:DSKQ:-14715,WNHB:-16663,FWKW:20155.05843191414,LMLK:5451928.730457694,UZSV:(26%!62k2c;E/,o,
Vin: [LSVNV2182E0541656][1694043209000]:DSKQ:-14715,WNHB:-14185,FWKW:20155.058405938737,LMLK:5451931.867865921,UZSV:C'Kqqa-i#imSS0q,
Vin: [LSVNV2182E0541654][1694043210000]:DSKQ:-14715,WNHB:-19445,FWKW:20155.058637160073,LMLK:5451978.771748309,UZSV:ieO\i#&G8WmCeu#,
Vin: [LSVNV2182E0541655][1694043210000]:DSKQ:-14715,WNHB:-14247,FWKW:20155.058610296586,LMLK:5451977.6086837435,UZSV:ck/U!6]cU2/Io/],
Vin: [LSVNV2182E0541656][1694043210000]:DSKQ:-14715,WNHB:-16553,FWKW:20155.0585843212,LMLK:5451976.690592696,UZSV:m0yy\qaKaauSS\C,
Vin: [LSVNV2182E0541654][1694043211000]:DSKQ:-14715,WNHB:-15669,FWKW:20155.058817628804,LMLK:5452380.879895704,UZSV:-Geqa4-0u#y.[q[,
Vin: [LSVNV2182E0541655][1694043211000]:DSKQ:-14715,WNHB:-19847,FWKW:20155.05879076534,LMLK:5452379.856675106,UZSV:kIEko(2kY(E;;wo,
Vin: [LSVNV2182E0541656][1694043211000]:DSKQ:-14715,WNHB:-13673,FWKW:20155.058764789963,LMLK:5452383.273745116,UZSV:0-qa.ym-'CCKqOC,
Vin: [LSVNV2182E0541654][1694043212000]:DSKQ:-14715,WNHB:-20885,FWKW:20155.05900018384,LMLK:5452429.916015471,UZSV:\CC8iCqC4&.Saaq,
Vin: [LSVNV2182E0541655][1694043212000]:DSKQ:-14715,WNHB:-20647,FWKW:20155.058973320392,LMLK:5452428.7529509,UZSV:;gMIYIY(IEw=,c6,
Vin: [LSVNV2182E0541656][1694043212000]:DSKQ:-14715,WNHB:-22329,FWKW:20155.058947345035,LMLK:5452427.555171897,UZSV:80[e.84eeuC8W&u,
Vin: [LSVNV2182E0541654][1694043213000]:DSKQ:-14715,WNHB:-18069,FWKW:20155.059184825175,LMLK:5452850.790312874,UZSV:S'G\0[8uq#CCOqm,
Vin: [LSVNV2182E0541655][1694043213000]:DSKQ:-14715,WNHB:-19271,FWKW:20155.059157961747,LMLK:5452849.767092279,UZSV:%AQ;AI(;ockYos;,
Vin: [LSVNV2182E0541656][1694043213000]:DSKQ:-14715,WNHB:-16521,FWKW:20155.059131986407,LMLK:5452852.9044743385,UZSV:.qK\0Wyq\m.iaa',
Vin: [LSVNV2182E0541654][1694043214000]:DSKQ:-14715,WNHB:-19909,FWKW:20155.059371552812,LMLK:5452901.251938195,UZSV:0'.q[[iC4[e-m-m,
Vin: [LSVNV2182E0541655][1694043214000]:DSKQ:-14715,WNHB:-18279,FWKW:20155.0593446894,LMLK:5452900.088873619,UZSV:kI6M2o%Y]U(=;gE,
Vin: [LSVNV2182E0541656][1694043214000]:DSKQ:-14715,WNHB:-18825,FWKW:20155.05931871408,LMLK:5452899.170782287,UZSV:q.W-\#m4#0i&O0&,
Vin: [LSVNV2182E0541654][1694043216000]:DSKQ:-14715,WNHB:-18005,FWKW:20155.059751266985,LMLK:5452782.986817012,UZSV:WeOOeK&yS[[m''e,
Vin: [LSVNV2182E0541655][1694043216000]:DSKQ:-14715,WNHB:-17687,FWKW:20155.05972440361,LMLK:5452784.061254916,UZSV:%s!skM(]6cM]Uc/,
Vin: [LSVNV2182E0541656][1694043216000]:DSKQ:-14715,WNHB:-15385,FWKW:20155.059698428326,LMLK:5452785.100978131,UZSV:KOWSyuSKaeC\Ke-,
Vin: [LSVNV2182E0541654][1694043215000]:DSKQ:-14715,WNHB:-17093,FWKW:20155.05956036675,LMLK:5452802.448238962,UZSV:qWaK&Gau&GK40.i,
Vin: [LSVNV2182E0541655][1694043215000]:DSKQ:-14715,WNHB:-13255,FWKW:20155.059533503358,LMLK:5452801.425018361,UZSV:,c!,Eo,!6(6kkw2,
Vin: [LSVNV2182E0541656][1694043215000]:DSKQ:-14715,WNHB:-14681,FWKW:20155.059507528054,LMLK:5452804.842088096,UZSV:e8#aeG8[W#04Oq[,
Vin: [LSVNV2182E0541654][1694043217000]:DSKQ:-14715,WNHB:-20645,FWKW:20155.059944253517,LMLK:5452684.185304841,UZSV:0yi4muC[44&Gi#C,
Vin: [LSVNV2182E0541655][1694043217000]:DSKQ:-14715,WNHB:-18119,FWKW:20155.05991739016,LMLK:5452685.39958672,UZSV:/QE!Q%g6/kMY2=Y,
Vin: [LSVNV2182E0541656][1694043217000]:DSKQ:-14715,WNHB:-15033,FWKW:20155.059891414894,LMLK:5452681.824461059,UZSV:mu#[S[u&.Gi#CSG,
Vin: [LSVNV2182E0541654][1694043218000]:DSKQ:-14715,WNHB:-18901,FWKW:20155.060139326342,LMLK:5452661.889823016,UZSV:Keu.'CyeuK&mieK,
Vin: [LSVNV2182E0541655][1694043218000]:DSKQ:-14715,WNHB:-17703,FWKW:20155.060112463005,LMLK:5452662.964261474,UZSV:6/wcAE!=/go%I6Q,
Vin: [LSVNV2182E0541656][1694043218000]:DSKQ:-14715,WNHB:-20009,FWKW:20155.06008648776,LMLK:5452664.283672912,UZSV:&aWuS\KqSS[[yWG,
Vin: [LSVNV2182E0541654][1694043219000]:DSKQ:-14715,WNHB:-17573,FWKW:20155.06033648546,LMLK:5452673.952950132,UZSV:0&u'##0Gu4\8&Ka,
Vin: [LSVNV2182E0541655][1694043219000]:DSKQ:-14715,WNHB:-15751,FWKW:20155.060309622146,LMLK:5452675.167232557,UZSV:((Y%UUw/QA,kY]w,
Vin: [LSVNV2182E0541656][1694043219000]:DSKQ:-14715,WNHB:-21641,FWKW:20155.060283646915,LMLK:5452671.871795118,UZSV:'yWq0yyOa0u-8q.,
Vin: [LSVNV2182E0541654][1694043220000]:DSKQ:-14715,WNHB:-20341,FWKW:20155.060535730874,LMLK:5452503.567284125,UZSV:qCiCSG#aq40Ce[O,
Vin: [LSVNV2182E0541655][1694043220000]:DSKQ:-14715,WNHB:-14103,FWKW:20155.060508867577,LMLK:5452504.641722578,UZSV:UU!E2g,Y]w]o%!w,
Vin: [LSVNV2182E0541656][1694043220000]:DSKQ:-14715,WNHB:-17849,FWKW:20155.060482892364,LMLK:5452505.681446068,UZSV:WW-0[4'q#O-q0W.,
Vin: [LSVNV2182E0541654][1694043221000]:DSKQ:-14715,WNHB:-18101,FWKW:20155.060737062573,LMLK:5452552.296578999,UZSV:0C0#e.'G#G.#q'&,
Vin: [LSVNV2182E0541655][1694043221000]:DSKQ:-14715,WNHB:-13303,FWKW:20155.060710199297,LMLK:5452553.510861427,UZSV:kYo2MoEkcA(c6E],
Vin: [LSVNV2182E0541656][1694043221000]:DSKQ:-14715,WNHB:-22617,FWKW:20155.060684224107,LMLK:5452549.935736039,UZSV:4i-0W0\&SmSq\ya,
Vin: [LSVNV2182E0541654][1694043222000]:DSKQ:-14715,WNHB:-20165,FWKW:20155.060940480565,LMLK:5451790.649755388,UZSV:[aS&uC#'GKmu8Se,
Vin: [LSVNV2182E0541655][1694043222000]:DSKQ:-14715,WNHB:-17127,FWKW:20155.060913617308,LMLK:5451791.671752475,UZSV:Q!]2IAgYU];=]o;,
Vin: [LSVNV2182E0541656][1694043222000]:DSKQ:-14715,WNHB:-17049,FWKW:20155.060887642136,LMLK:5451793.00864422,UZSV:'O0K08Kqie\q[e-,
Vin: [LSVNV2182E0541654][1694043223000]:DSKQ:-14715,WNHB:-20949,FWKW:20155.06114598484,LMLK:5451804.156430627,UZSV:KKi4e-[C48eKySC,
Vin: [LSVNV2182E0541655][1694043223000]:DSKQ:-14715,WNHB:-12679,FWKW:20155.061119121605,LMLK:5451805.31827155,UZSV:gAEAsIck!;=!E=U,
Vin: [LSVNV2182E0541656][1694043223000]:DSKQ:-14715,WNHB:-16809,FWKW:20155.06109314645,LMLK:5451802.040314283,UZSV:KmqOaiC-0\\[e8[,


table's column value ranges:
GMVS:COLUMN_TYPE_INTEGER min:12393 max:12448
LIOS:COLUMN_TYPE_INTEGER min:-31829 max:-26348
LFZG:COLUMN_TYPE_INTEGER min:36284 max:91103
WLYQ:COLUMN_TYPE_INTEGER min:-87636 max:-32817
ZTGP:COLUMN_TYPE_INTEGER min:27874 max:55283
GMNR:COLUMN_TYPE_INTEGER min:-399851 max:-125756
BTJH:COLUMN_TYPE_INTEGER min:1152956 max:3893907
XCDQ:COLUMN_TYPE_INTEGER min:-601156 max:-162603
JKZL:COLUMN_TYPE_INTEGER min:185955 max:624508
MLBY:COLUMN_TYPE_INTEGER min:-61902784 max:-18047558
DSKQ:COLUMN_TYPE_INTEGER min:-14716 max:-9235
EQLU:COLUMN_TYPE_INTEGER min:-751719 max:-203528
KACE:COLUMN_TYPE_INTEGER min:2253115 max:7735018
YDXB:COLUMN_TYPE_INTEGER min:-7728753 max:-2246850
NXCR:COLUMN_TYPE_INTEGER min:1143645 max:3884596
OZSM:COLUMN_TYPE_INTEGER min:112946741 max:387041904
SYMN:COLUMN_TYPE_INTEGER min:-38703705 max:-11294188
UAPJ:COLUMN_TYPE_INTEGER min:-6211841 max:-1826318
PQRQ:COLUMN_TYPE_INTEGER min:18095023 max:61950249
UICP:COLUMN_TYPE_INTEGER min:-619251917 max:-180699657
KFGP:COLUMN_TYPE_INTEGER min:-18068 max:-8070
ZZBE:COLUMN_TYPE_INTEGER min:-24669 max:-14671
HJPZ:COLUMN_TYPE_INTEGER min:-17916 max:-12918
JDOE:COLUMN_TYPE_INTEGER min:-7653 max:-5655
KWET:COLUMN_TYPE_INTEGER min:17995 max:20993
WNHB:COLUMN_TYPE_INTEGER min:-22663 max:-12665
ENVH:COLUMN_TYPE_INTEGER min:17190 max:1517188
CSRC:COLUMN_TYPE_INTEGER min:-8072 max:9991926
GONE:COLUMN_TYPE_INTEGER min:-21827 max:5978171
BZPV:COLUMN_TYPE_INTEGER min:2631 max:50002629
AOAO:COLUMN_TYPE_INTEGER min:-2147483647 max:-2147483645
EXGV:COLUMN_TYPE_INTEGER min:-2147483647 max:-2147483645
JCGU:COLUMN_TYPE_INTEGER min:-2147483647 max:-2147483645
TFGW:COLUMN_TYPE_INTEGER min:-2147483647 max:-2147483645
MUBC:COLUMN_TYPE_INTEGER min:-2147483647 max:-2147483645
JHET:COLUMN_TYPE_INTEGER min:1 max:3
WKUZ:COLUMN_TYPE_INTEGER min:-1 max:-1
YCTI:COLUMN_TYPE_INTEGER min:1 max:5
BBPX:COLUMN_TYPE_INTEGER min:1 max:9
HRXI:COLUMN_TYPE_INTEGER min:1 max:9
FWKW:COLUMN_TYPE_DOUBLE_FLOAT min:20154.92085711648905999027192592620849609375 max:20703.11118242866723448969423770904541015625
BDPO:COLUMN_TYPE_DOUBLE_FLOAT min:250137.510489717707969248294830322265625 max:798327.835801895824261009693145751953125
FQTH:COLUMN_TYPE_DOUBLE_FLOAT min:-7707023.71714016236364841461181640625 max:-2225120.46401838026940822601318359375
SBXA:COLUMN_TYPE_DOUBLE_FLOAT min:-72437.726414480988751165568828582763671875 max:-17618.6938832631785771809518337249755859375
XRTP:COLUMN_TYPE_DOUBLE_FLOAT min:22601280.0990456081926822662353515625 max:77420312.6302634179592132568359375
ZIKG:COLUMN_TYPE_DOUBLE_FLOAT min:9803.900803956430536345578730106353759765625 max:9974.232027316591484122909605503082275390625
LMLK:COLUMN_TYPE_DOUBLE_FLOAT min:3759225.3441886729560792446136474609375 max:5462537.57779026962816715240478515625
TEDW:COLUMN_TYPE_DOUBLE_FLOAT min:50540056.20565558969974517822265625 max:67573178.54167155921459197998046875
UVGJ:COLUMN_TYPE_DOUBLE_FLOAT min:9460.6944755508447997272014617919921875 max:15429.781866984283624333329498767852783203125
LYLI:COLUMN_TYPE_DOUBLE_FLOAT min:128104.286408638698048889636993408203125 max:154622.2347849758225493133068084716796875
FVXS:COLUMN_TYPE_STRING minLen:1 maxLen:2 minAscii:45 maxAscii:49
LIYD:COLUMN_TYPE_STRING minLen:1 maxLen:1 minAscii:120 maxAscii:122
ZEBY:COLUMN_TYPE_STRING minLen:7 maxLen:7 minAscii:67 maxAscii:85
UFPI:COLUMN_TYPE_STRING minLen:5 maxLen:5 minAscii:71 maxAscii:84
UZSV:COLUMN_TYPE_STRING minLen:15 maxLen:15 minAscii:33 maxAscii:121
FLLY:COLUMN_TYPE_STRING minLen:1 maxLen:1 minAscii:33 maxAscii:121
JUBK:COLUMN_TYPE_STRING minLen:100 maxLen:100 minAscii:33 maxAscii:121
ORNI:COLUMN_TYPE_STRING minLen:30 maxLen:30 minAscii:33 maxAscii:121
SCHU:COLUMN_TYPE_STRING minLen:0 maxLen:2 minAscii:33 maxAscii:119
GLNG:COLUMN_TYPE_STRING minLen:30 maxLen:40 minAscii:33 maxAscii:121
shutdown table:table, size:85740028925