Vin:		[LSVNV2182E0541657][1694043124000]:FWKW:20155.050843980156		BDPO:250267.49735338532		FQTH:-2226420.3326550564		SBXA:-17631.69256962994		    XRTP:2.261427878541237E7
Vin:		[LSVNV2182E0541657][1694043125000]:FWKW:20155.05084502334		BDPO:250267.49839656736		FQTH:-2226420.343086877		    SBXA:-17631.692673948146		XRTP:2.2614278889730576E7
Vin:		[LSVNV2182E0541657][1694043126000]:FWKW:20155.050848152885		BDPO:250267.50152611354		FQTH:-2226420.3743823385		SBXA:-17631.692986902763		XRTP:2.2614279202685196E7
Vin:		[LSVNV2182E0541657][1694043127000]:FWKW:20155.050853368793		BDPO:250267.5067420238		FQTH:-2226420.4265414416		SBXA:-17631.69350849379		    XRTP:2.2614279724276222E7
Vin:		[LSVNV2182E0541657][1694043128000]:FWKW:20155.05086067107		BDPO:250267.5140442982		FQTH:-2226420.499564185		    SBXA:-17631.694238721226		XRTP:2.261428045450366E7
Vin:		[LSVNV2182E0541657][1694043129000]:FWKW:20155.050870059706		BDPO:250267.52343293652		FQTH:-2226420.593450568		    SBXA:-17631.69517758506		    XRTP:2.261428139336749E7
Vin:		[LSVNV2182E0541657][1694043130000]:FWKW:20155.05088153471		BDPO:250267.53490793874		FQTH:-2226420.7082005907		SBXA:-17631.696325085286		XRTP:2.2614282540867716E7
Vin:		[LSVNV2182E0541657][1694043131000]:FWKW:20155.050895096076		BDPO:250267.54846930486		FQTH:-2226420.843814252		    SBXA:-17631.697681221896		XRTP:2.2614283897004325E7
Vin:		[LSVNV2182E0541657][1694043132000]:FWKW:20155.050910743805		BDPO:250267.56411703472		FQTH:-2226421.00029155		    SBXA:-17631.699245994878		XRTP:2.261428546177731E7
Vin:		[LSVNV2182E0541657][1694043133000]:FWKW:20155.0509284779		BDPO:250267.58185112814		FQTH:-2226421.1776324846		SBXA:-17631.701019404223		XRTP:2.2614287235186655E7
Vin:		[LSVNV2182E0541657][1694043134000]:FWKW:20155.050948298354		BDPO:250267.60167158511		FQTH:-2226421.375837054	    	SBXA:-17631.703001449918		XRTP:2.261428921723235E7
Vin:		[LSVNV2182E0541657][1694043135000]:FWKW:20155.050970205175		BDPO:250267.62357840536		FQTH:-2226421.594905257		    SBXA:-17631.705192131947		XRTP:2.2614291407914378E7
Vin:		[LSVNV2182E0541657][1694043136000]:FWKW:20155.05099419836		BDPO:250267.6475715888		FQTH:-2226421.834837091		    SBXA:-17631.70759145029		    XRTP:2.261429380723272E7
Vin:		[LSVNV2182E0541657][1694043137000]:FWKW:20155.051020277904		BDPO:250267.67365113524		FQTH:-2226422.0956325554		SBXA:-17631.71019940493		    XRTP:2.261429641518736E7
Vin:		[LSVNV2182E0541657][1694043138000]:FWKW:20155.051048443816		BDPO:250267.7018170444		FQTH:-2226422.3772916473		SBXA:-17631.71301599585		    XRTP:2.2614299231778283E7
Vin:		[LSVNV2182E0541657][1694043139000]:FWKW:20155.051078696088		BDPO:250267.7320693162		FQTH:-2226422.679814365		    SBXA:-17631.71604122303		    XRTP:2.261430225700546E7
Vin:		[LSVNV2182E0541657][1694043140000]:FWKW:20155.05111103472		BDPO:250267.76440795028		FQTH:-2226423.003200706		    SBXA:-17631.719275086438		XRTP:2.261430549086887E7
Vin:		[LSVNV2182E0541657][1694043141000]:FWKW:20155.051145459718		BDPO:250267.79883294652		FQTH:-2226423.3474506685		SBXA:-17631.72271758606		    XRTP:2.2614308933368493E7
Vin:		[LSVNV2182E0541657][1694043142000]:FWKW:20155.051181971074		BDPO:250267.83534430456		FQTH:-2226423.7125642486		SBXA:-17631.726368721866		XRTP:2.2614312584504295E7
Vin:		[LSVNV2182E0541657][1694043143000]:FWKW:20155.051220568796		BDPO:250267.87394202413		FQTH:-2226424.0985414446		SBXA:-17631.730228493823		XRTP:2.2614316444276255E7
Vin:		[LSVNV2182E0541657][1694043144000]:FWKW:20155.051261252876		BDPO:250267.914626105		FQTH:-2226424.5053822533		SBXA:-17631.73429690191		    XRTP:2.2614320512684338E7
Vin:		[LSVNV2182E0541657][1694043145000]:FWKW:20155.051304023316		BDPO:250267.9573965468		FQTH:-2226424.933086671		    SBXA:-17631.738573946088		XRTP:2.261432478972852E7
Vin:		[LSVNV2182E0541657][1694043146000]:FWKW:20155.05134888012		BDPO:250268.00225334923		FQTH:-2226425.381654695		    SBXA:-17631.74305962633		    XRTP:2.261432927540876E7
Vin:		[LSVNV2182E0541657][1694043147000]:FWKW:20155.051395823284		BDPO:250268.0491965119		FQTH:-2226425.851086322		    SBXA:-17631.7477539426		    XRTP:2.261433396972503E7
Vin:		[LSVNV2182E0541657][1694043148000]:FWKW:20155.051444852805		BDPO:250268.09822603455		FQTH:-2226426.3413815484		SBXA:-17631.75265689486		    XRTP:2.2614338872677293E7
Vin:		[LSVNV2182E0541657][1694043149000]:FWKW:20155.051495968688		BDPO:250268.14934191672		FQTH:-2226426.8525403705		SBXA:-17631.75776848308		    XRTP:2.261434398426551E7
Vin:		[LSVNV2182E0541657][1694043150000]:FWKW:20155.05154917093		BDPO:250268.20254415803		FQTH:-2226427.384562784		    SBXA:-17631.763088707216		XRTP:2.2614349304489646E7
Vin:		[LSVNV2182E0541657][1694043151000]:FWKW:20155.051604459528		BDPO:250268.25783275813		FQTH:-2226427.9374487847		SBXA:-17631.76861756722		    XRTP:2.2614354833349653E7
Vin:		[LSVNV2182E0541657][1694043152000]:FWKW:20155.05166183449		BDPO:250268.3152077166		FQTH:-2226428.511198369		    SBXA:-17631.774355063066		XRTP:2.2614360570845496E7
Vin:		[LSVNV2182E0541657][1694043153000]:FWKW:20155.051721295804		BDPO:250268.37466903293		FQTH:-2226429.105811532		    SBXA:-17631.7803011947		    XRTP:2.2614366516977128E7
Vin:		[LSVNV2182E0541657][1694043154000]:FWKW:20155.05178284348		BDPO:250268.43621670664		FQTH:-2226429.72128827		    SBXA:-17631.786455962076		XRTP:2.2614372671744507E7
Vin:		[LSVNV2182E0541657][1694043155000]:FWKW:20155.05184647751		BDPO:250268.4998507374		FQTH:-2226430.3576285774		SBXA:-17631.79281936515		    XRTP:2.261437903514758E7
Vin:		[LSVNV2182E0541657][1694043156000]:FWKW:20155.051912197894		BDPO:250268.56557112467		FQTH:-2226431.01483245		    SBXA:-17631.799391403874		XRTP:2.2614385607186306E7
Vin:		[LSVNV2182E0541657][1694043157000]:FWKW:20155.05198000464		BDPO:250268.63337786793		FQTH:-2226431.6928998823		SBXA:-17631.806172078203		XRTP:2.2614392387860633E7
Vin:		[LSVNV2182E0541657][1694043158000]:FWKW:20155.05204989774		BDPO:250268.7032709666		FQTH:-2226432.3918308695		SBXA:-17631.81316138807		    XRTP:2.26143993771705E7
Vin:		[LSVNV2182E0541657][1694043159000]:FWKW:20155.05212187719		BDPO:250268.77525042027		FQTH:-2226433.111625406		    SBXA:-17631.820359333436		XRTP:2.2614406575115867E7
Vin:		[LSVNV2182E0541657][1694043160000]:FWKW:20155.052195943		    BDPO:250268.8493162283		FQTH:-2226433.852283486		    SBXA:-17631.82776591424		    XRTP:2.261441398169667E7
Vin:		[LSVNV2182E0541657][1694043161000]:FWKW:20155.05227209516		BDPO:250268.92546839017		FQTH:-2226434.613805105		    SBXA:-17631.835381130426		XRTP:2.2614421596912857E7
Vin:		[LSVNV2182E0541657][1694043162000]:FWKW:20155.052350333677		BDPO:250269.00370690535		FQTH:-2226435.396190257		    SBXA:-17631.843204981942		XRTP:2.261442942076437E7
Vin:		[LSVNV2182E0541657][1694043163000]:FWKW:20155.052430658543		BDPO:250269.08403177315		FQTH:-2226436.1994389347		SBXA:-17631.85123746872		    XRTP:2.2614437453251153E7
Vin:		[LSVNV2182E0541657][1694043164000]:FWKW:20155.052513069764		BDPO:250269.16644299292		FQTH:-2226437.0235511325		SBXA:-17631.859478590704		XRTP:2.2614445694373135E7
Vin:		[LSVNV2182E0541657][1694043165000]:FWKW:20155.052597567334		BDPO:250269.2509405642		FQTH:-2226437.8685268452		SBXA:-17631.867928347827		XRTP:2.261445414413026E7
Vin:		[LSVNV2182E0541657][1694043166000]:FWKW:20155.05268415126		BDPO:250269.33752448618		FQTH:-2226438.7343660654		SBXA:-17631.87658674003		    XRTP:2.2614462802522458E7
Vin:		[LSVNV2182E0541657][1694043167000]:FWKW:20155.052772821527		BDPO:250269.42619475833		FQTH:-2226439.6210687864		SBXA:-17631.88545376724		    XRTP:2.261447166954967E7
Vin:		[LSVNV2182E0541657][1694043168000]:FWKW:20155.052863578152		BDPO:250269.5169513799		FQTH:-2226440.528635002	    	SBXA:-17631.8945294294		    XRTP:2.261448074521183E7
Vin:		[LSVNV2182E0541657][1694043169000]:FWKW:20155.05295642112		BDPO:250269.60979435022		FQTH:-2226441.4570647054		SBXA:-17631.903813726432		XRTP:2.2614490029508863E7
Vin:		[LSVNV2182E0541657][1694043170000]:FWKW:20155.05305135044		BDPO:250269.70472366858		FQTH:-2226442.406357889		    SBXA:-17631.913306658265		XRTP:2.2614499522440694E7
Vin:		[LSVNV2182E0541657][1694043171000]:FWKW:20155.053148366103		BDPO:250269.80173933425		FQTH:-2226443.3765145456		SBXA:-17631.923008224832		XRTP:2.2614509224007264E7
Vin:		[LSVNV2182E0541657][1694043172000]:FWKW:20155.053247468117		BDPO:250269.90084134648		FQTH:-2226444.367534668		    SBXA:-17631.932918426057		XRTP:2.261451913420849E7
Vin:		[LSVNV2182E0541657][1694043173000]:FWKW:20155.053348656475		BDPO:250270.00202970457		FQTH:-2226445.379418249		    SBXA:-17631.943037261863		XRTP:2.2614529253044292E7
Vin:		[LSVNV2182E0541657][1694043174000]:FWKW:20155.053451931177		BDPO:250270.10530440765		FQTH:-2226446.41216528		    SBXA:-17631.953364732177		XRTP:2.2614539580514606E7
Vin:		[LSVNV2182E0541657][1694043175000]:FWKW:20155.053557292227		BDPO:250270.2106654551		FQTH:-2226447.465775754		    SBXA:-17631.963900836916		XRTP:2.261455011661935E7
Vin:		[LSVNV2182E0541657][1694043176000]:FWKW:20155.05366473962		BDPO:250270.31811284594		FQTH:-2226448.5402496625		SBXA:-17631.974645576003		XRTP:2.2614560861358434E7
Vin:		[LSVNV2182E0541657][1694043177000]:FWKW:20155.05377427335		BDPO:250270.4276465794		FQTH:-2226449.6355869975		SBXA:-17631.98559894935		    XRTP:2.261457181473178E7
Vin:		[LSVNV2182E0541657][1694043178000]:FWKW:20155.053885893427		BDPO:250270.53926665476		FQTH:-2226450.7517877505		SBXA:-17631.99676095688		    XRTP:2.2614582976739313E7
Vin:		[LSVNV2182E0541657][1694043179000]:FWKW:20155.05399959984		BDPO:250270.65297307097		FQTH:-2226451.888851913		    SBXA:-17632.008131598508		XRTP:2.261459434738094E7
Vin:		[LSVNV2182E0541657][1694043180000]:FWKW:20155.0541153926		BDPO:250270.76876582735		FQTH:-2226453.046779477		    SBXA:-17632.019710874145		XRTP:2.2614605926656578E7
Vin:		[LSVNV2182E0541657][1694043181000]:FWKW:20155.054233271694		BDPO:250270.88664492295		FQTH:-2226454.225570433		    SBXA:-17632.031498783705		XRTP:2.2614617714566134E7
Vin:		[LSVNV2182E0541657][1694043182000]:FWKW:20155.054353237127		BDPO:250271.00661035685		FQTH:-2226455.4252247717		SBXA:-17632.043495327092		XRTP:2.2614629711109526E7
Vin:		[LSVNV2182E0541657][1694043183000]:FWKW:20155.0544752889		BDPO:250271.12866212818		FQTH:-2226456.645742485		    SBXA:-17632.055700504225		XRTP:2.2614641916286655E7
Vin:		[LSVNV2182E0541657][1694043184000]:FWKW:20155.054599427007		BDPO:250271.25280023593		FQTH:-2226457.8871235624		SBXA:-17632.068114315		    XRTP:2.2614654330097433E7
Vin:		[LSVNV2182E0541657][1694043185000]:FWKW:20155.05472565145		BDPO:250271.3790246792		FQTH:-2226459.149367995		    SBXA:-17632.08073675933		    XRTP:2.261466695254176E7
Vin:		[LSVNV2182E0541657][1694043186000]:FWKW:20155.05485396223		BDPO:250271.50733545708		FQTH:-2226460.432475774		    SBXA:-17632.093567837117		XRTP:2.261467978361955E7
Vin:		[LSVNV2182E0541657][1694043187000]:FWKW:20155.05498435934		BDPO:250271.63773256855		FQTH:-2226461.7364468887		SBXA:-17632.106607548263		XRTP:2.2614692823330693E7
Vin:		[LSVNV2182E0541657][1694043188000]:FWKW:20155.055116842785		BDPO:250271.77021601255		FQTH:-2226463.0612813286		SBXA:-17632.119855892666		XRTP:2.2614706071675096E7
Vin:		[LSVNV2182E0541657][1694043189000]:FWKW:20155.05525141256		BDPO:250271.9047857882		FQTH:-2226464.4069790854		SBXA:-17632.133312870228		XRTP:2.261471952865266E7
Vin:		[LSVNV2182E0541657][1694043190000]:FWKW:20155.055388068664		BDPO:250272.04144189443		FQTH:-2226465.773540147		    SBXA:-17632.14697848085		    XRTP:2.261473319426328E7
Vin:		[LSVNV2182E0541657][1694043191000]:FWKW:20155.055526811102		BDPO:250272.1801843301		FQTH:-2226467.1609645043		SBXA:-17632.16085272442		    XRTP:2.261474706850685E7
Vin:		[LSVNV2182E0541657][1694043192000]:FWKW:20155.055667639866		BDPO:250272.32101309433		FQTH:-2226468.5692521464		SBXA:-17632.17493560084		    XRTP:2.261476115138327E7
Vin:		[LSVNV2182E0541657][1694043193000]:FWKW:20155.055810554957		BDPO:250272.46392818587		FQTH:-2226469.998403062		    SBXA:-17632.189227109997		XRTP:2.2614775442892425E7
Vin:		[LSVNV2182E0541657][1694043194000]:FWKW:20155.055955556374		BDPO:250272.60892960377		FQTH:-2226471.4484172408		SBXA:-17632.203727251785		XRTP:2.2614789943034213E7
Vin:		[LSVNV2182E0541657][1694043195000]:FWKW:20155.056102644117		BDPO:250272.75601734687		FQTH:-2226472.9192946716		SBXA:-17632.218436026094		XRTP:2.2614804651808526E7
Vin:		[LSVNV2182E0541657][1694043196000]:FWKW:20155.056251818183		BDPO:250272.905191414		FQTH:-2226474.411035343		    SBXA:-17632.23335343281		    XRTP:2.2614819569215238E7
Vin:		[LSVNV2182E0541657][1694043197000]:FWKW:20155.056403078575		BDPO:250273.05645180412		FQTH:-2226475.9236392444		SBXA:-17632.24847947182		    XRTP:2.261483469525425E7
Vin:		[LSVNV2182E0541657][1694043198000]:FWKW:20155.056556425287		BDPO:250273.209798516		FQTH:-2226477.457106363		    SBXA:-17632.263814143007		XRTP:2.261485002992544E7
Vin:		[LSVNV2182E0541657][1694043199000]:FWKW:20155.05671185832		BDPO:250273.3652315485		FQTH:-2226479.0114366882		SBXA:-17632.27935744626		    XRTP:2.261486557322869E7
Vin:		[LSVNV2182E0541657][1694043200000]:FWKW:20155.05686937767		BDPO:250273.52275090048		FQTH:-2226480.586630208		    SBXA:-17632.295109381455		XRTP:2.2614881325163886E7
Vin:		[LSVNV2182E0541657][1694043201000]:FWKW:20155.05702898334		BDPO:250273.68235657067		FQTH:-2226482.18268691		    SBXA:-17632.31106994848		    XRTP:2.261489728573091E7
Vin:		[LSVNV2182E0541657][1694043202000]:FWKW:20155.05719067533		BDPO:250273.84404855792		FQTH:-2226483.7996067824		SBXA:-17632.3272391472		    XRTP:2.261491345492963E7
Vin:		[LSVNV2182E0541657][1694043203000]:FWKW:20155.05735445363		BDPO:250274.00782686094		FQTH:-2226485.4373898124		SBXA:-17632.3436169775		    XRTP:2.261492983275993E7
Vin:		[LSVNV2182E0541657][1694043204000]:FWKW:20155.05752031825		BDPO:250274.1736914785		FQTH:-2226487.096035988		    SBXA:-17632.360203439257		XRTP:2.2614946419221688E7
Vin:		[LSVNV2182E0541657][1694043205000]:FWKW:20155.05768826918		BDPO:250274.34164240933		FQTH:-2226488.7755452967		SBXA:-17632.37699853234		    XRTP:2.2614963214314774E7
Vin:		[LSVNV2182E0541657][1694043206000]:FWKW:20155.057858306423		BDPO:250274.5116796522		FQTH:-2226490.475917725		    SBXA:-17632.394002256628		XRTP:2.261498021803906E7
Vin:		[LSVNV2182E0541657][1694043207000]:FWKW:20155.058030429976		BDPO:250274.68380320573		FQTH:-2226492.197153261		    SBXA:-17632.411214611984		XRTP:2.2614997430394415E7
Vin:		[LSVNV2182E0541657][1694043208000]:FWKW:20155.05820463984		BDPO:250274.85801306868		FQTH:-2226493.9392518904		SBXA:-17632.428635598277		XRTP:2.261501485138071E7
Vin:		[LSVNV2182E0541657][1694043209000]:FWKW:20155.05838093601		BDPO:250275.03430923977		FQTH:-2226495.7022136007		SBXA:-17632.446265215385		XRTP:2.2615032480997816E7
Vin:        [LSVNV2182E0541657][1694043210000]:FWKW:20155.058559318488      BDPO:250275.2126917175      FQTH:-2226497.4860383784        SBXA:-17632.46410346316         XRTP:2.2615050319245588E7
Vin:		[LSVNV2182E0541657][1694043211000]:FWKW:20155.058739787273		BDPO:250275.39316050068		FQTH:-2226499.2907262095		SBXA:-17632.482150341475		XRTP:2.2615068366123904E7
Vin:		[LSVNV2182E0541657][1694043212000]:FWKW:20155.05892234236		BDPO:250275.57571558777		FQTH:-2226501.116277081		    SBXA:-17632.500405850187		XRTP:2.2615086621632617E7
Vin:		[LSVNV2182E0541657][1694043213000]:FWKW:20155.059106983746		BDPO:250275.76035697752		FQTH:-2226502.9626909783		SBXA:-17632.51886998916		    XRTP:2.261510508577159E7
Vin:		[LSVNV2182E0541657][1694043214000]:FWKW:20155.059293711438		BDPO:250275.94708466844		FQTH:-2226504.829967888		    SBXA:-17632.537542758255		XRTP:2.2615123758540686E7
Vin:		[LSVNV2182E0541657][1694043215000]:FWKW:20155.05948252543		BDPO:250276.13589865918		FQTH:-2226506.718107795	    	SBXA:-17632.556424157327		XRTP:2.261514263993976E7
Vin:		[LSVNV2182E0541657][1694043216000]:FWKW:20155.05967342572		BDPO:250276.32679894823		FQTH:-2226508.6271106857		SBXA:-17632.575514186232		XRTP:2.2615161729968663E7
Vin:		[LSVNV2182E0541657][1694043217000]:FWKW:20155.059866412306		BDPO:250276.51978553418		FQTH:-2226510.556976545		    SBXA:-17632.594812844825		XRTP:2.2615181028627258E7
Vin:		[LSVNV2182E0541657][1694043218000]:FWKW:20155.060061485186		BDPO:250276.71485841554		FQTH:-2226512.5077053583		SBXA:-17632.61432013296		    XRTP:2.2615200535915393E7
Vin:		[LSVNV2182E0541657][1694043219000]:FWKW:20155.06025864436		BDPO:250276.91201759083		FQTH:-2226514.4792971113		SBXA:-17632.63403605049		    XRTP:2.261522025183292E7
Vin:		[LSVNV2182E0541657][1694043220000]:FWKW:20155.06045788983		BDPO:250277.11126305856		FQTH:-2226516.4717517886		SBXA:-17632.653960597265		XRTP:2.2615240176379696E7
Vin:		[LSVNV2182E0541657][1694043221000]:FWKW:20155.060659221588		BDPO:250277.31259481714		FQTH:-2226518.485069375	    	SBXA:-17632.674093773127		XRTP:2.2615260309555557E7
Vin:		[LSVNV2182E0541657][1694043222000]:FWKW:20155.060862639635		BDPO:250277.51601286518		FQTH:-2226520.519249855		    SBXA:-17632.694435577927		XRTP:2.2615280651360355E7
Vin:		[LSVNV2182E0541657][1694043223000]:FWKW:20155.061068143972		BDPO:250277.72151720105		FQTH:-2226522.5742932134		SBXA:-17632.714986011513		XRTP:2.2615301201793943E7
Vin:		[LSVNV2182E0541657][1694043224000]:FWKW:20155.061275734595		BDPO:250277.92910782312		FQTH:-2226524.6501994347		SBXA:-17632.73574507372		    XRTP:2.261532196085615E7
Vin:		[LSVNV2182E0541657][1694043225000]:FWKW:20155.0614854115		BDPO:250278.13878472993		FQTH:-2226526.7469685026		SBXA:-17632.756712764403		XRTP:2.2615342928546835E7
Vin:		[LSVNV2182E0541657][1694043226000]:FWKW:20155.06169717469		BDPO:250278.3505479198		FQTH:-2226528.8646004014		SBXA:-17632.77788908339		    XRTP:2.2615364104865823E7
Vin:		[LSVNV2182E0541657][1694043227000]:FWKW:20155.06191102416		BDPO:250278.56439739116		FQTH:-2226531.0030951146		SBXA:-17632.799274030524		XRTP:2.2615385489812955E7
Vin:		[LSVNV2182E0541657][1694043228000]:FWKW:20155.062126959914		BDPO:250278.78033314238		FQTH:-2226533.162452627		    SBXA:-17632.820867605646		XRTP:2.261540708338808E7
Vin:		[LSVNV2182E0541657][1694043229000]:FWKW:20155.062344981943		BDPO:250278.99835517176		FQTH:-2226535.342672921		    SBXA:-17632.842669808586		XRTP:2.2615428885591015E7
Vin:		[LSVNV2182E0541657][1694043230000]:FWKW:20155.062565090248		BDPO:250279.21846347774		FQTH:-2226537.54375598		    SBXA:-17632.86468063918		    XRTP:2.261545089642161E7
Vin:		[LSVNV2182E0541657][1694043231000]:FWKW:20155.06278728483		BDPO:250279.44065805856		FQTH:-2226539.7657017885		SBXA:-17632.886900097263		XRTP:2.2615473115879692E7
Vin:		[LSVNV2182E0541657][1694043232000]:FWKW:20155.063011565682		BDPO:250279.6649389125		FQTH:-2226542.0085103284		SBXA:-17632.90932818266		    XRTP:2.261549554396509E7
Vin:		[LSVNV2182E0541657][1694043233000]:FWKW:20155.06323793281		BDPO:250279.89130603796		FQTH:-2226544.2721815826		SBXA:-17632.931964895204		XRTP:2.2615518180677634E7
Vin:		[LSVNV2182E0541657][1694043234000]:FWKW:20155.063466386204		BDPO:250280.11975943315		FQTH:-2226546.5567155345		SBXA:-17632.954810234725		XRTP:2.2615541026017155E7
Vin:		[LSVNV2182E0541657][1694043235000]:FWKW:20155.063696925867		BDPO:250280.35029909632		FQTH:-2226548.862112167		    SBXA:-17632.977864201042		XRTP:2.2615564079983473E7
Vin:		[LSVNV2182E0541657][1694043236000]:FWKW:20155.063929551798		BDPO:250280.58292502578		FQTH:-2226551.188371461		    SBXA:-17633.001126793988		XRTP:2.2615587342576418E7
Vin:		[LSVNV2182E0541657][1694043237000]:FWKW:20155.06416426399		BDPO:250280.81763721968		FQTH:-2226553.5354934004		SBXA:-17633.02459801338		    XRTP:2.261561081379581E7
Vin:		[LSVNV2182E0541657][1694043238000]:FWKW:20155.064401062446		BDPO:250281.0544356763		FQTH:-2226555.903477966		    SBXA:-17633.048277859038		XRTP:2.261563449364147E7
Vin:		[LSVNV2182E0541657][1694043239000]:FWKW:20155.064639947166		BDPO:250281.29332039377		FQTH:-2226558.292325141		    SBXA:-17633.072166330785		XRTP:2.261565838211322E7
Vin:		[LSVNV2182E0541657][1694043240000]:FWKW:20155.06488091814		BDPO:250281.5342913703		FQTH:-2226560.7020349065		SBXA:-17633.09626342844		    XRTP:2.2615682479210872E7
Vin:		[LSVNV2182E0541657][1694043241000]:FWKW:20155.065123975375		BDPO:250281.7773486041		FQTH:-2226563.1326072444		SBXA:-17633.12056915182		    XRTP:2.261570678493425E7
Vin:		[LSVNV2182E0541657][1694043242000]:FWKW:20155.065369118864		BDPO:250282.02249209327		FQTH:-2226565.5840421356		SBXA:-17633.14508350073		    XRTP:2.261573129928316E7
Vin:		[LSVNV2182E0541657][1694043243000]:FWKW:20155.065616348606		BDPO:250282.2697218359		FQTH:-2226568.0563395624		SBXA:-17633.169806474998		XRTP:2.2615756022257432E7
Vin:		[LSVNV2182E0541657][1694043244000]:FWKW:20155.0658656646		BDPO:250282.51903783024		FQTH:-2226570.549499505		    SBXA:-17633.194738074428		XRTP:2.261578095385686E7
Vin:		[LSVNV2182E0541657][1694043245000]:FWKW:20155.066117066846		BDPO:250282.77044007427		FQTH:-2226573.0635219454		SBXA:-17633.21987829883		    XRTP:2.2615806094081264E7
Vin:		[LSVNV2182E0541657][1694043246000]:FWKW:20155.066370555338		BDPO:250283.02392856608		FQTH:-2226575.598406864		    SBXA:-17633.245227148018		XRTP:2.261583144293045E7
Vin:		[LSVNV2182E0541657][1694043247000]:FWKW:20155.066626130076		BDPO:250283.2795033038		FQTH:-2226578.154154241		    SBXA:-17633.27078462179		    XRTP:2.261585700040422E7
Vin:		[LSVNV2182E0541657][1694043248000]:FWKW:20155.066883791056		BDPO:250283.53716428543		FQTH:-2226580.730764058		    SBXA:-17633.296550719955		XRTP:2.2615882766502384E7
Vin:		[LSVNV2182E0541657][1694043249000]:FWKW:20155.06714353828		BDPO:250283.79691150913		FQTH:-2226583.3282362944		SBXA:-17633.32252544232		    XRTP:2.261590874122475E7
Vin:		[LSVNV2182E0541657][1694043250000]:FWKW:20155.067405371745		BDPO:250284.05874497275		FQTH:-2226585.9465709305		SBXA:-17633.348708788682		XRTP:2.261593492457111E7
Vin:		[LSVNV2182E0541657][1694043251000]:FWKW:20155.067669291446		BDPO:250284.32266467437		FQTH:-2226588.585767947		    SBXA:-17633.375100758847		XRTP:2.2615961316541277E7
Vin:		[LSVNV2182E0541657][1694043252000]:FWKW:20155.067935297382		BDPO:250284.58867061202		FQTH:-2226591.2458273233		SBXA:-17633.40170135261		    XRTP:2.261598791713504E7
Vin:		[LSVNV2182E0541657][1694043253000]:FWKW:20155.068203389554		BDPO:250284.8567627836		FQTH:-2226593.9267490394		SBXA:-17633.42851056977		    XRTP:2.26160147263522E7
Vin:		[LSVNV2182E0541657][1694043254000]:FWKW:20155.068473567957		BDPO:250285.1269411872		FQTH:-2226596.628533075		    SBXA:-17633.455528410126		XRTP:2.2616041744192556E7
Vin:		[LSVNV2182E0541657][1694043255000]:FWKW:20155.068745832592		BDPO:250285.39920582058		FQTH:-2226599.351179409		    SBXA:-17633.48275487347		    XRTP:2.26160689706559E7
Vin:		[LSVNV2182E0541657][1694043256000]:FWKW:20155.06902018345		BDPO:250285.67355668178		FQTH:-2226602.0946880206		SBXA:-17633.510189959587		XRTP:2.2616096405742016E7
Vin:		[LSVNV2182E0541657][1694043257000]:FWKW:20155.06929662054		BDPO:250285.9499937687		FQTH:-2226604.85905889		    SBXA:-17633.537833668277		XRTP:2.2616124049450707E7
Vin:		[LSVNV2182E0541657][1694043258000]:FWKW:20155.06957514385		BDPO:250286.22851707914		FQTH:-2226607.644291995		    SBXA:-17633.565685999325		XRTP:2.2616151901781756E7
Vin:		[LSVNV2182E0541657][1694043259000]:FWKW:20155.069855753383		BDPO:250286.50912661117		FQTH:-2226610.450387315		    SBXA:-17633.593746952527		XRTP:2.2616179962734956E7
Vin:		[LSVNV2182E0541657][1694043260000]:FWKW:20155.070138449133		BDPO:250286.79182236252		FQTH:-2226613.277344828		    SBXA:-17633.622016527657		XRTP:2.261620823231009E7
Vin:		[LSVNV2182E0541657][1694043261000]:FWKW:20155.0704232311		BDPO:250287.07660433103		FQTH:-2226616.1251645135		SBXA:-17633.650494724512		XRTP:2.2616236710506942E7
Vin:		[LSVNV2182E0541657][1694043262000]:FWKW:20155.070710099284		BDPO:250287.36347251455		FQTH:-2226618.993846349		    SBXA:-17633.679181542866		XRTP:2.2616265397325296E7
Vin:		[LSVNV2182E0541657][1694043263000]:FWKW:20155.07099905368		BDPO:250287.65242691094		FQTH:-2226621.8833903125		SBXA:-17633.708076982504		XRTP:2.2616294292764936E7
Vin:		[LSVNV2182E0541657][1694043264000]:FWKW:20155.07129009429		BDPO:250287.94346751797		FQTH:-2226624.793796383		    SBXA:-17633.73718104321		    XRTP:2.2616323396825638E7
Vin:		[LSVNV2182E0541657][1694043265000]:FWKW:20155.071583221103		BDPO:250288.23659433343		FQTH:-2226627.7250645375		SBXA:-17633.76649372475		    XRTP:2.2616352709507182E7
Vin:		[LSVNV2182E0541657][1694043266000]:FWKW:20155.071878434126		BDPO:250288.53180735506		FQTH:-2226630.6771947537		SBXA:-17633.796015026914		XRTP:2.2616382230809346E7
Vin:		[LSVNV2182E0541657][1694043267000]:FWKW:20155.072175733352		BDPO:250288.82910658064		FQTH:-2226633.6501870095		SBXA:-17633.82574494947		    XRTP:2.26164119607319E7
Vin:		[LSVNV2182E0541657][1694043268000]:FWKW:20155.072475118777		BDPO:250289.12849200785		FQTH:-2226636.644041282		    SBXA:-17633.855683492195		XRTP:2.2616441899274625E7
Vin:		[LSVNV2182E0541657][1694043269000]:FWKW:20155.072776590405		BDPO:250289.42996363452		FQTH:-2226639.6587575483		SBXA:-17633.88583065486		    XRTP:2.261647204643729E7
Vin:		[LSVNV2182E0541657][1694043270000]:FWKW:20155.073080148228		BDPO:250289.73352145823		FQTH:-2226642.6943357857		SBXA:-17633.916186437233		XRTP:2.2616502402219664E7
Vin:		[LSVNV2182E0541657][1694043271000]:FWKW:20155.073385792246		BDPO:250290.03916547674		FQTH:-2226645.750775971		    SBXA:-17633.946750839084		XRTP:2.2616532966621518E7
Vin:		[LSVNV2182E0541657][1694043272000]:FWKW:20155.07369352246		BDPO:250290.34689568775		FQTH:-2226648.828078081		    SBXA:-17633.977523860183		XRTP:2.2616563739642616E7
Vin:		[LSVNV2182E0541657][1694043273000]:FWKW:20155.07400333886		BDPO:250290.65671208885		FQTH:-2226651.9262420917		SBXA:-17634.008505500296		XRTP:2.2616594721282728E7
Vin:		[LSVNV2182E0541657][1694043274000]:FWKW:20155.074315241447		BDPO:250290.96861467778		FQTH:-2226655.045267981		    SBXA:-17634.039695759184		XRTP:2.2616625911541615E7
Vin:		[LSVNV2182E0541657][1694043275000]:FWKW:20155.07462923022		BDPO:250291.28260345198		FQTH:-2226658.1851557232		SBXA:-17634.07109463661		    XRTP:2.2616657310419038E7
Vin:		[LSVNV2182E0541657][1694043276000]:FWKW:20155.07494530518		BDPO:250291.59867840924		FQTH:-2226661.3459052956		SBXA:-17634.102702132335		XRTP:2.2616688917914767E7
Vin:		[LSVNV2182E0541657][1694043277000]:FWKW:20155.07526346632		BDPO:250291.91683954705		FQTH:-2226664.527516674		    SBXA:-17634.134518246115		XRTP:2.2616720734028544E7
Vin:		[LSVNV2182E0541657][1694043278000]:FWKW:20155.075583713635		BDPO:250292.23708686308		FQTH:-2226667.7299898337		SBXA:-17634.166542977713		XRTP:2.2616752758760147E7
Vin:		[LSVNV2182E0541657][1694043279000]:FWKW:20155.075906047125		BDPO:250292.55942035478		FQTH:-2226670.953324751		    SBXA:-17634.198776326884		XRTP:2.2616784992109314E7
Vin:		[LSVNV2182E0541657][1694043280000]:FWKW:20155.07623046679		BDPO:250292.88384001976		FQTH:-2226674.1975214006		SBXA:-17634.231218293386		XRTP:2.2616817434075814E7
Vin:		[LSVNV2182E0541657][1694043281000]:FWKW:20155.076556972625		BDPO:250293.21034585556		FQTH:-2226677.4625797584		SBXA:-17634.263868876962		XRTP:2.2616850084659394E7
Vin:		[LSVNV2182E0541657][1694043282000]:FWKW:20155.07688556463		BDPO:250293.53893785964		FQTH:-2226680.7484997995		SBXA:-17634.29672807737		    XRTP:2.26168829438598E7
Vin:		[LSVNV2182E0541657][1694043283000]:FWKW:20155.0772162428		BDPO:250293.86961602955		FQTH:-2226684.0552814985		SBXA:-17634.329795894362		XRTP:2.2616916011676792E7
Vin:		[LSVNV2182E0541657][1694043284000]:FWKW:20155.077549007132		BDPO:250294.20238036267		FQTH:-2226687.38292483		    SBXA:-17634.363072327676		XRTP:2.2616949288110107E7
Vin:		[LSVNV2182E0541657][1694043285000]:FWKW:20155.077883857626		BDPO:250294.53723085666		FQTH:-2226690.7314297697		SBXA:-17634.396557377073		XRTP:2.2616982773159504E7
Vin:		[LSVNV2182E0541657][1694043286000]:FWKW:20155.07822079428		BDPO:250294.8741675088		FQTH:-2226694.100796291		    SBXA:-17634.43025104229		    XRTP:2.2617016466824718E7
Vin:		[LSVNV2182E0541657][1694043287000]:FWKW:20155.078559817088		BDPO:250295.21319031657		FQTH:-2226697.491024369		    SBXA:-17634.464153323064		XRTP:2.2617050369105496E7
Vin:		[LSVNV2182E0541657][1694043288000]:FWKW:20155.078900926048		BDPO:250295.55429927743		FQTH:-2226700.9021139774		SBXA:-17634.49826421915		    XRTP:2.261708448000158E7
Vin:		[LSVNV2182E0541657][1694043289000]:FWKW:20155.07924412116		BDPO:250295.89749438874		FQTH:-2226704.334065091		    SBXA:-17634.532583730284		XRTP:2.2617118799512714E7
Vin:		[LSVNV2182E0541657][1694043290000]:FWKW:20155.07958940242		BDPO:250296.2427756479		FQTH:-2226707.786877682		    SBXA:-17634.5671118562		    XRTP:2.261715332763863E7
Vin:		[LSVNV2182E0541657][1694043291000]:FWKW:20155.079936769824		BDPO:250296.59014305228		FQTH:-2226711.2605517255		SBXA:-17634.601848596634		XRTP:2.2617188064379066E7
Vin:		[LSVNV2182E0541657][1694043292000]:FWKW:20155.08028622337		BDPO:250296.9395965992		FQTH:-2226714.755087195		    SBXA:-17634.63679395133		    XRTP:2.261722300973376E7
Vin:		[LSVNV2182E0541657][1694043293000]:FWKW:20155.080637763058		BDPO:250297.2911362861		FQTH:-2226718.270484064		    SBXA:-17634.671947920015		XRTP:2.2617258163702447E7
Vin:		[LSVNV2182E0541657][1694043294000]:FWKW:20155.08099138888		BDPO:250297.64476211014		FQTH:-2226721.8067423045		SBXA:-17634.707310502425		XRTP:2.2617293526284855E7
Vin:		[LSVNV2182E0541657][1694043295000]:FWKW:20155.08134710084		BDPO:250298.0004740688		FQTH:-2226725.3638618914		SBXA:-17634.74288169829		    XRTP:2.2617329097480718E7
Vin:		[LSVNV2182E0541657][1694043296000]:FWKW:20155.08170489893		BDPO:250298.35827215924		FQTH:-2226728.941842796		    SBXA:-17634.778661507335		XRTP:2.2617364877289765E7
Vin:		[LSVNV2182E0541657][1694043297000]:FWKW:20155.08206478315		BDPO:250298.71815637883		FQTH:-2226732.5406849915		SBXA:-17634.814649929293		XRTP:2.2617400865711723E7
Vin:		[LSVNV2182E0541657][1694043298000]:FWKW:20155.082426753495		BDPO:250299.0801267248		FQTH:-2226736.160388451		    SBXA:-17634.850846963887		XRTP:2.2617437062746316E7
Vin:		[LSVNV2182E0541657][1694043299000]:FWKW:20155.082790809964		BDPO:250299.4441831943		FQTH:-2226739.8009531465		SBXA:-17634.887252610843		XRTP:2.2617473468393274E7
Vin:		[LSVNV2182E0541657][1694043300000]:FWKW:20155.083156952554		BDPO:250299.81032578473		FQTH:-2226743.46237905		    SBXA:-17634.923866869878		XRTP:2.2617510082652308E7
Vin:		[LSVNV2182E0541657][1694043301000]:FWKW:20155.083525181264		BDPO:250300.17855449318		FQTH:-2226747.144666135		    SBXA:-17634.960689740725		XRTP:2.2617546905523155E7
Vin:		[LSVNV2182E0541657][1694043302000]:FWKW:20155.08389549609		BDPO:250300.54886931682		FQTH:-2226750.8478143713		SBXA:-17634.99772122309		    XRTP:2.261758393700552E7
Vin:		[LSVNV2182E0541657][1694043303000]:FWKW:20155.084267897022		BDPO:250300.9212702529		FQTH:-2226754.5718237325		SBXA:-17635.0349613167		    XRTP:2.261762117709913E7
Vin:		[LSVNV2182E0541657][1694043304000]:FWKW:20155.08464238407		BDPO:250301.29575729865		FQTH:-2226758.3166941893		SBXA:-17635.072410021272		XRTP:2.26176586258037E7
Vin:		[LSVNV2182E0541657][1694043305000]:FWKW:20155.085018957223		BDPO:250301.67233045108		FQTH:-2226762.0824257135		SBXA:-17635.110067336514		XRTP:2.2617696283118945E7
Vin:		[LSVNV2182E0541657][1694043306000]:FWKW:20155.08539761648		BDPO:250302.05098970735		FQTH:-2226765.8690182767		SBXA:-17635.147933262146		XRTP:2.2617734149044577E7
Vin:		[LSVNV2182E0541657][1694043307000]:FWKW:20155.085778361834		BDPO:250302.43173506466		FQTH:-2226769.67647185		    SBXA:-17635.186007797874		XRTP:2.2617772223580305E7
Vin:		[LSVNV2182E0541657][1694043308000]:FWKW:20155.086161193292		BDPO:250302.81456652004		FQTH:-2226773.5047864034		SBXA:-17635.22429094341		    XRTP:2.261781050672584E7
Vin:		[LSVNV2182E0541657][1694043309000]:FWKW:20155.08654611084		BDPO:250303.1994840706		FQTH:-2226777.3539619087		SBXA:-17635.262782698464		XRTP:2.2617848998480897E7
Vin:		[LSVNV2182E0541657][1694043310000]:FWKW:20155.086933114486		BDPO:250303.5864877134		FQTH:-2226781.2239983366		SBXA:-17635.301483062744		XRTP:2.2617887698845174E7
Vin:		[LSVNV2182E0541657][1694043311000]:FWKW:20155.087322204217		BDPO:250303.9755774454		FQTH:-2226785.114895657		    SBXA:-17635.34039203595		    XRTP:2.261792660781838E7
Vin:		[LSVNV2182E0541657][1694043312000]:FWKW:20155.087713380035		BDPO:250304.36675326386		FQTH:-2226789.0266538416		SBXA:-17635.379509617793		XRTP:2.2617965725400224E7
Vin:		[LSVNV2182E0541657][1694043313000]:FWKW:20155.088106641935		BDPO:250304.7600151656		FQTH:-2226792.959272859		    SBXA:-17635.418835807966		XRTP:2.2618005051590398E7
Vin:		[LSVNV2182E0541657][1694043314000]:FWKW:20155.088501989918		BDPO:250305.15536314767		FQTH:-2226796.91275268		    SBXA:-17635.45837060618		    XRTP:2.2618044586388607E7
Vin:		[LSVNV2182E0541657][1694043315000]:FWKW:20155.08889942398		BDPO:250305.55279720714		FQTH:-2226800.887093275		    SBXA:-17635.498114012124		XRTP:2.2618084329794552E7
Vin:		[LSVNV2182E0541657][1694043316000]:FWKW:20155.089298944113		BDPO:250305.95231734094		FQTH:-2226804.8822946125		SBXA:-17635.538066025503		XRTP:2.2618124281807933E7
Vin:		[LSVNV2182E0541657][1694043317000]:FWKW:20155.089700550318		BDPO:250306.35392354598		FQTH:-2226808.898356663		    SBXA:-17635.578226646005		XRTP:2.2618164442428436E7
Vin:		[LSVNV2182E0541657][1694043318000]:FWKW:20155.09010424259		BDPO:250306.75761581922		FQTH:-2226812.9352793954		SBXA:-17635.61859587333		    XRTP:2.2618204811655764E7
Vin:		[LSVNV2182E0541657][1694043319000]:FWKW:20155.090510020927		BDPO:250307.16339415766		FQTH:-2226816.99306278		    SBXA:-17635.659173707172		XRTP:2.2618245389489602E7
Vin:		[LSVNV2182E0541657][1694043320000]:FWKW:20155.09091788533		BDPO:250307.57125855808		FQTH:-2226821.0717067844		SBXA:-17635.69996014722		    XRTP:2.261828617592965E7
Vin:		[LSVNV2182E0541657][1694043321000]:FWKW:20155.091327835788		BDPO:250307.9812090175		FQTH:-2226825.171211378		    SBXA:-17635.74095519316		    XRTP:2.261832717097559E7
Vin:		[LSVNV2182E0541657][1694043322000]:FWKW:20155.091739872303		BDPO:250308.39324553276		FQTH:-2226829.291576531		    SBXA:-17635.782158844682		XRTP:2.2618368374627113E7
Vin:		[LSVNV2182E0541657][1694043323000]:FWKW:20155.092153994872		BDPO:250308.80736810068		FQTH:-2226833.43280221		    SBXA:-17635.823571101475		XRTP:2.2618409786883906E7